2021-10-28 13:56:22,944 Namespace(eval_interval=1, frequent=10, gpus='1', num_workers=12, out_dir='out')
2021-10-28 13:56:57,350 Namespace(eval_interval=1, frequent=10, gpus='0', num_workers=12, out_dir='out')
2021-10-28 13:56:58,985 => load 200 samples
2021-10-28 13:56:58,985 => load 200 samples
2021-10-28 13:56:59,936 Epoch: [0][0/200]	Time 0.950s (0.950s)	Speed 33.7 samples/s	Data 0.299s (0.299s)	Loss 2.53588 (2.53588)
2021-10-28 13:57:00,135 Epoch: [0][10/200]	Time 0.019s (0.105s)	Speed 1666.2 samples/s	Data 0.000s (0.027s)	Loss 2.05161 (2.26230)
2021-10-28 13:57:00,324 Epoch: [0][20/200]	Time 0.018s (0.064s)	Speed 1741.7 samples/s	Data 0.000s (0.014s)	Loss 1.77022 (2.08567)
2021-10-28 13:57:00,512 Epoch: [0][30/200]	Time 0.018s (0.049s)	Speed 1741.5 samples/s	Data 0.000s (0.010s)	Loss 1.51741 (1.93674)
2021-10-28 13:57:00,700 Epoch: [0][40/200]	Time 0.018s (0.042s)	Speed 1775.9 samples/s	Data 0.000s (0.007s)	Loss 1.29240 (1.80367)
2021-10-28 13:57:00,888 Epoch: [0][50/200]	Time 0.018s (0.037s)	Speed 1748.2 samples/s	Data 0.000s (0.006s)	Loss 1.10034 (1.68309)
2021-10-28 13:57:01,077 Epoch: [0][60/200]	Time 0.018s (0.034s)	Speed 1739.0 samples/s	Data 0.000s (0.005s)	Loss 0.93269 (1.57171)
2021-10-28 13:57:01,263 Epoch: [0][70/200]	Time 0.018s (0.032s)	Speed 1779.9 samples/s	Data 0.000s (0.004s)	Loss 0.77719 (1.47024)
2021-10-28 13:57:01,452 Epoch: [0][80/200]	Time 0.018s (0.030s)	Speed 1781.4 samples/s	Data 0.000s (0.004s)	Loss 0.66596 (1.37722)
2021-10-28 13:57:01,638 Epoch: [0][90/200]	Time 0.018s (0.029s)	Speed 1778.8 samples/s	Data 0.000s (0.003s)	Loss 0.58458 (1.29328)
2021-10-28 13:57:01,825 Epoch: [0][100/200]	Time 0.018s (0.028s)	Speed 1781.0 samples/s	Data 0.000s (0.003s)	Loss 0.49248 (1.21769)
2021-10-28 13:57:02,011 Epoch: [0][110/200]	Time 0.018s (0.027s)	Speed 1766.9 samples/s	Data 0.000s (0.003s)	Loss 0.42581 (1.14947)
2021-10-28 13:57:02,199 Epoch: [0][120/200]	Time 0.018s (0.027s)	Speed 1773.8 samples/s	Data 0.000s (0.003s)	Loss 0.37111 (1.08805)
2021-10-28 13:57:02,386 Epoch: [0][130/200]	Time 0.018s (0.026s)	Speed 1788.1 samples/s	Data 0.000s (0.002s)	Loss 0.35350 (1.03215)
2021-10-28 13:57:02,572 Epoch: [0][140/200]	Time 0.018s (0.025s)	Speed 1763.6 samples/s	Data 0.000s (0.002s)	Loss 0.31566 (0.98237)
2021-10-28 13:57:02,758 Epoch: [0][150/200]	Time 0.018s (0.025s)	Speed 1778.1 samples/s	Data 0.000s (0.002s)	Loss 0.29381 (0.93682)
2021-10-28 13:57:02,946 Epoch: [0][160/200]	Time 0.018s (0.025s)	Speed 1764.1 samples/s	Data 0.000s (0.002s)	Loss 0.27377 (0.89580)
2021-10-28 13:57:03,133 Epoch: [0][170/200]	Time 0.018s (0.024s)	Speed 1763.9 samples/s	Data 0.000s (0.002s)	Loss 0.26422 (0.85852)
2021-10-28 13:57:03,319 Epoch: [0][180/200]	Time 0.018s (0.024s)	Speed 1798.6 samples/s	Data 0.000s (0.002s)	Loss 0.23618 (0.82463)
2021-10-28 13:57:03,504 Epoch: [0][190/200]	Time 0.018s (0.024s)	Speed 1794.3 samples/s	Data 0.000s (0.002s)	Loss 0.21175 (0.79308)
2021-10-28 13:57:03,730 Test: [0/200]	Time 0.026 (0.026)	Loss 0.4357 (0.4357)
2021-10-28 13:57:03,777 Test: [10/200]	Time 0.003 (0.007)	Loss 0.1565 (0.3622)
2021-10-28 13:57:03,813 Test: [20/200]	Time 0.003 (0.005)	Loss 0.2700 (0.3738)
2021-10-28 13:57:03,850 Test: [30/200]	Time 0.003 (0.005)	Loss 0.5384 (0.3809)
2021-10-28 13:57:03,887 Test: [40/200]	Time 0.003 (0.004)	Loss 0.3969 (0.3952)
2021-10-28 13:57:03,923 Test: [50/200]	Time 0.003 (0.004)	Loss 0.4800 (0.3991)
2021-10-28 13:57:03,960 Test: [60/200]	Time 0.003 (0.004)	Loss 0.4596 (0.4002)
2021-10-28 13:57:03,997 Test: [70/200]	Time 0.003 (0.004)	Loss 0.3879 (0.3992)
2021-10-28 13:57:04,033 Test: [80/200]	Time 0.003 (0.004)	Loss 0.4780 (0.3943)
2021-10-28 13:57:04,069 Test: [90/200]	Time 0.003 (0.004)	Loss 0.4808 (0.3976)
2021-10-28 13:57:04,105 Test: [100/200]	Time 0.003 (0.004)	Loss 0.4994 (0.3967)
2021-10-28 13:57:04,143 Test: [110/200]	Time 0.003 (0.004)	Loss 0.4739 (0.3981)
2021-10-28 13:57:04,180 Test: [120/200]	Time 0.003 (0.004)	Loss 0.4540 (0.3957)
2021-10-28 13:57:04,216 Test: [130/200]	Time 0.003 (0.004)	Loss 0.3791 (0.3997)
2021-10-28 13:57:04,254 Test: [140/200]	Time 0.003 (0.004)	Loss 0.3644 (0.3987)
2021-10-28 13:57:04,289 Test: [150/200]	Time 0.003 (0.004)	Loss 0.4390 (0.3975)
2021-10-28 13:57:04,326 Test: [160/200]	Time 0.003 (0.004)	Loss 0.4141 (0.3972)
2021-10-28 13:57:04,367 Test: [170/200]	Time 0.003 (0.004)	Loss 0.2987 (0.3949)
2021-10-28 13:57:04,404 Test: [180/200]	Time 0.003 (0.004)	Loss 0.3361 (0.3929)
2021-10-28 13:57:04,441 Test: [190/200]	Time 0.003 (0.004)	Loss 0.3423 (0.3941)
2021-10-28 13:57:05,008 Mean IoU score: 0.187
2021-10-28 13:57:05,008 => saving checkpoint to out
2021-10-28 13:57:05,262 Epoch: [1][0/200]	Time 0.232s (0.232s)	Speed 137.6 samples/s	Data 0.211s (0.211s)	Loss 0.20499 (0.20499)
2021-10-28 13:57:05,450 Epoch: [1][10/200]	Time 0.018s (0.038s)	Speed 1747.1 samples/s	Data 0.000s (0.019s)	Loss 0.20373 (0.21153)
2021-10-28 13:57:05,637 Epoch: [1][20/200]	Time 0.018s (0.029s)	Speed 1768.9 samples/s	Data 0.000s (0.010s)	Loss 0.25121 (0.20739)
2021-10-28 13:57:05,825 Epoch: [1][30/200]	Time 0.018s (0.026s)	Speed 1751.8 samples/s	Data 0.000s (0.007s)	Loss 0.16822 (0.20385)
2021-10-28 13:57:06,014 Epoch: [1][40/200]	Time 0.018s (0.024s)	Speed 1747.4 samples/s	Data 0.000s (0.005s)	Loss 0.18148 (0.19869)
2021-10-28 13:57:06,202 Epoch: [1][50/200]	Time 0.018s (0.023s)	Speed 1735.0 samples/s	Data 0.000s (0.004s)	Loss 0.15576 (0.19473)
2021-10-28 13:57:06,392 Epoch: [1][60/200]	Time 0.018s (0.022s)	Speed 1740.9 samples/s	Data 0.000s (0.004s)	Loss 0.16714 (0.19098)
2021-10-28 13:57:06,580 Epoch: [1][70/200]	Time 0.018s (0.022s)	Speed 1732.0 samples/s	Data 0.000s (0.003s)	Loss 0.16106 (0.18700)
2021-10-28 13:57:06,770 Epoch: [1][80/200]	Time 0.018s (0.021s)	Speed 1742.6 samples/s	Data 0.000s (0.003s)	Loss 0.12461 (0.18238)
2021-10-28 13:57:06,959 Epoch: [1][90/200]	Time 0.018s (0.021s)	Speed 1774.5 samples/s	Data 0.000s (0.002s)	Loss 0.14075 (0.17777)
2021-10-28 13:57:07,149 Epoch: [1][100/200]	Time 0.018s (0.021s)	Speed 1743.5 samples/s	Data 0.000s (0.002s)	Loss 0.12736 (0.17443)
2021-10-28 13:57:07,338 Epoch: [1][110/200]	Time 0.018s (0.021s)	Speed 1744.5 samples/s	Data 0.000s (0.002s)	Loss 0.12140 (0.17071)
2021-10-28 13:57:07,527 Epoch: [1][120/200]	Time 0.018s (0.021s)	Speed 1753.1 samples/s	Data 0.000s (0.002s)	Loss 0.10637 (0.16625)
2021-10-28 13:57:07,716 Epoch: [1][130/200]	Time 0.018s (0.021s)	Speed 1743.5 samples/s	Data 0.000s (0.002s)	Loss 0.10409 (0.16209)
2021-10-28 13:57:07,906 Epoch: [1][140/200]	Time 0.018s (0.020s)	Speed 1746.3 samples/s	Data 0.000s (0.002s)	Loss 0.12660 (0.15839)
2021-10-28 13:57:08,094 Epoch: [1][150/200]	Time 0.018s (0.020s)	Speed 1743.3 samples/s	Data 0.000s (0.002s)	Loss 0.09440 (0.15469)
2021-10-28 13:57:08,284 Epoch: [1][160/200]	Time 0.018s (0.020s)	Speed 1735.6 samples/s	Data 0.000s (0.001s)	Loss 0.10270 (0.15136)
2021-10-28 13:57:08,473 Epoch: [1][170/200]	Time 0.018s (0.020s)	Speed 1736.6 samples/s	Data 0.000s (0.001s)	Loss 0.08847 (0.14825)
2021-10-28 13:57:08,661 Epoch: [1][180/200]	Time 0.018s (0.020s)	Speed 1791.5 samples/s	Data 0.000s (0.001s)	Loss 0.09397 (0.14524)
2021-10-28 13:57:08,847 Epoch: [1][190/200]	Time 0.018s (0.020s)	Speed 1796.9 samples/s	Data 0.000s (0.001s)	Loss 0.09216 (0.14239)
2021-10-28 13:57:09,073 Test: [0/200]	Time 0.024 (0.024)	Loss 0.2271 (0.2271)
2021-10-28 13:57:09,112 Test: [10/200]	Time 0.003 (0.006)	Loss 0.0619 (0.1840)
2021-10-28 13:57:09,149 Test: [20/200]	Time 0.004 (0.005)	Loss 0.1450 (0.1887)
2021-10-28 13:57:09,188 Test: [30/200]	Time 0.003 (0.005)	Loss 0.2546 (0.1961)
2021-10-28 13:57:09,226 Test: [40/200]	Time 0.003 (0.004)	Loss 0.1869 (0.2048)
2021-10-28 13:57:09,263 Test: [50/200]	Time 0.004 (0.004)	Loss 0.2540 (0.2059)
2021-10-28 13:57:09,302 Test: [60/200]	Time 0.004 (0.004)	Loss 0.2406 (0.2084)
2021-10-28 13:57:09,341 Test: [70/200]	Time 0.003 (0.004)	Loss 0.1818 (0.2083)
2021-10-28 13:57:09,379 Test: [80/200]	Time 0.004 (0.004)	Loss 0.2697 (0.2056)
2021-10-28 13:57:09,416 Test: [90/200]	Time 0.003 (0.004)	Loss 0.2776 (0.2080)
2021-10-28 13:57:09,454 Test: [100/200]	Time 0.003 (0.004)	Loss 0.3055 (0.2068)
2021-10-28 13:57:09,492 Test: [110/200]	Time 0.003 (0.004)	Loss 0.2818 (0.2077)
2021-10-28 13:57:09,530 Test: [120/200]	Time 0.003 (0.004)	Loss 0.2277 (0.2055)
2021-10-28 13:57:09,569 Test: [130/200]	Time 0.004 (0.004)	Loss 0.1770 (0.2076)
2021-10-28 13:57:09,608 Test: [140/200]	Time 0.004 (0.004)	Loss 0.2163 (0.2071)
2021-10-28 13:57:09,647 Test: [150/200]	Time 0.003 (0.004)	Loss 0.2039 (0.2057)
2021-10-28 13:57:09,686 Test: [160/200]	Time 0.003 (0.004)	Loss 0.2396 (0.2053)
2021-10-28 13:57:09,724 Test: [170/200]	Time 0.004 (0.004)	Loss 0.1549 (0.2036)
2021-10-28 13:57:09,761 Test: [180/200]	Time 0.003 (0.004)	Loss 0.1648 (0.2025)
2021-10-28 13:57:09,799 Test: [190/200]	Time 0.003 (0.004)	Loss 0.1251 (0.2032)
2021-10-28 13:57:10,369 Mean IoU score: 0.554
2021-10-28 13:57:10,369 => saving checkpoint to out
2021-10-28 13:57:10,613 Epoch: [2][0/200]	Time 0.218s (0.218s)	Speed 146.8 samples/s	Data 0.195s (0.195s)	Loss 0.07527 (0.07527)
2021-10-28 13:57:10,832 Epoch: [2][10/200]	Time 0.018s (0.040s)	Speed 1772.7 samples/s	Data 0.000s (0.021s)	Loss 0.08421 (0.08270)
2021-10-28 13:57:11,021 Epoch: [2][20/200]	Time 0.018s (0.030s)	Speed 1746.7 samples/s	Data 0.000s (0.011s)	Loss 0.07996 (0.07876)
2021-10-28 13:57:11,212 Epoch: [2][30/200]	Time 0.018s (0.026s)	Speed 1761.0 samples/s	Data 0.000s (0.007s)	Loss 0.06579 (0.07510)
2021-10-28 13:57:11,401 Epoch: [2][40/200]	Time 0.018s (0.025s)	Speed 1749.8 samples/s	Data 0.000s (0.006s)	Loss 0.06439 (0.07415)
2021-10-28 13:57:11,588 Epoch: [2][50/200]	Time 0.018s (0.023s)	Speed 1750.7 samples/s	Data 0.000s (0.005s)	Loss 0.05967 (0.07257)
2021-10-28 13:57:11,777 Epoch: [2][60/200]	Time 0.018s (0.023s)	Speed 1758.4 samples/s	Data 0.000s (0.004s)	Loss 0.05738 (0.07132)
2021-10-28 13:57:11,966 Epoch: [2][70/200]	Time 0.018s (0.022s)	Speed 1747.1 samples/s	Data 0.000s (0.003s)	Loss 0.06988 (0.06996)
2021-10-28 13:57:12,154 Epoch: [2][80/200]	Time 0.018s (0.022s)	Speed 1748.9 samples/s	Data 0.000s (0.003s)	Loss 0.05953 (0.06893)
2021-10-28 13:57:12,343 Epoch: [2][90/200]	Time 0.018s (0.021s)	Speed 1762.6 samples/s	Data 0.000s (0.003s)	Loss 0.05381 (0.06778)
2021-10-28 13:57:12,533 Epoch: [2][100/200]	Time 0.018s (0.021s)	Speed 1743.1 samples/s	Data 0.000s (0.002s)	Loss 0.06032 (0.06654)
2021-10-28 13:57:12,721 Epoch: [2][110/200]	Time 0.018s (0.021s)	Speed 1740.5 samples/s	Data 0.000s (0.002s)	Loss 0.05412 (0.06605)
2021-10-28 13:57:12,911 Epoch: [2][120/200]	Time 0.019s (0.021s)	Speed 1728.9 samples/s	Data 0.000s (0.002s)	Loss 0.05643 (0.06480)
2021-10-28 13:57:13,101 Epoch: [2][130/200]	Time 0.018s (0.021s)	Speed 1751.1 samples/s	Data 0.000s (0.002s)	Loss 0.05713 (0.06383)
2021-10-28 13:57:13,290 Epoch: [2][140/200]	Time 0.018s (0.021s)	Speed 1742.6 samples/s	Data 0.000s (0.002s)	Loss 0.05224 (0.06298)
2021-10-28 13:57:13,479 Epoch: [2][150/200]	Time 0.018s (0.020s)	Speed 1745.8 samples/s	Data 0.000s (0.002s)	Loss 0.04401 (0.06231)
2021-10-28 13:57:13,669 Epoch: [2][160/200]	Time 0.019s (0.020s)	Speed 1725.5 samples/s	Data 0.000s (0.002s)	Loss 0.03889 (0.06133)
2021-10-28 13:57:13,858 Epoch: [2][170/200]	Time 0.018s (0.020s)	Speed 1731.8 samples/s	Data 0.000s (0.001s)	Loss 0.04584 (0.06045)
2021-10-28 13:57:14,045 Epoch: [2][180/200]	Time 0.018s (0.020s)	Speed 1791.6 samples/s	Data 0.000s (0.001s)	Loss 0.04254 (0.05943)
2021-10-28 13:57:14,229 Epoch: [2][190/200]	Time 0.018s (0.020s)	Speed 1793.8 samples/s	Data 0.000s (0.001s)	Loss 0.05146 (0.05851)
2021-10-28 13:57:14,458 Test: [0/200]	Time 0.024 (0.024)	Loss 0.1233 (0.1233)
2021-10-28 13:57:14,497 Test: [10/200]	Time 0.003 (0.006)	Loss 0.0309 (0.1049)
2021-10-28 13:57:14,535 Test: [20/200]	Time 0.003 (0.005)	Loss 0.0806 (0.1104)
2021-10-28 13:57:14,573 Test: [30/200]	Time 0.003 (0.004)	Loss 0.1773 (0.1170)
2021-10-28 13:57:14,613 Test: [40/200]	Time 0.004 (0.004)	Loss 0.0944 (0.1203)
2021-10-28 13:57:14,654 Test: [50/200]	Time 0.004 (0.004)	Loss 0.1523 (0.1203)
2021-10-28 13:57:14,695 Test: [60/200]	Time 0.004 (0.004)	Loss 0.1313 (0.1249)
2021-10-28 13:57:14,739 Test: [70/200]	Time 0.004 (0.004)	Loss 0.1027 (0.1242)
2021-10-28 13:57:14,779 Test: [80/200]	Time 0.003 (0.004)	Loss 0.1461 (0.1226)
2021-10-28 13:57:14,821 Test: [90/200]	Time 0.004 (0.004)	Loss 0.1724 (0.1241)
2021-10-28 13:57:14,861 Test: [100/200]	Time 0.004 (0.004)	Loss 0.1771 (0.1238)
2021-10-28 13:57:14,900 Test: [110/200]	Time 0.004 (0.004)	Loss 0.1863 (0.1247)
2021-10-28 13:57:14,938 Test: [120/200]	Time 0.003 (0.004)	Loss 0.1379 (0.1225)
2021-10-28 13:57:14,978 Test: [130/200]	Time 0.004 (0.004)	Loss 0.1085 (0.1232)
2021-10-28 13:57:15,019 Test: [140/200]	Time 0.004 (0.004)	Loss 0.1116 (0.1223)
2021-10-28 13:57:15,061 Test: [150/200]	Time 0.004 (0.004)	Loss 0.1026 (0.1210)
2021-10-28 13:57:15,102 Test: [160/200]	Time 0.004 (0.004)	Loss 0.1291 (0.1204)
2021-10-28 13:57:15,141 Test: [170/200]	Time 0.004 (0.004)	Loss 0.1189 (0.1193)
2021-10-28 13:57:15,185 Test: [180/200]	Time 0.004 (0.004)	Loss 0.1046 (0.1181)
2021-10-28 13:57:15,225 Test: [190/200]	Time 0.004 (0.004)	Loss 0.0694 (0.1184)
2021-10-28 13:57:15,823 Mean IoU score: 0.739
2021-10-28 13:57:15,824 => saving checkpoint to out
2021-10-28 13:57:16,074 Epoch: [3][0/200]	Time 0.228s (0.228s)	Speed 140.3 samples/s	Data 0.208s (0.208s)	Loss 0.03738 (0.03738)
2021-10-28 13:57:16,262 Epoch: [3][10/200]	Time 0.018s (0.038s)	Speed 1750.6 samples/s	Data 0.000s (0.019s)	Loss 0.04110 (0.04081)
2021-10-28 13:57:16,450 Epoch: [3][20/200]	Time 0.018s (0.029s)	Speed 1773.3 samples/s	Data 0.000s (0.010s)	Loss 0.06144 (0.04024)
2021-10-28 13:57:16,637 Epoch: [3][30/200]	Time 0.018s (0.026s)	Speed 1743.7 samples/s	Data 0.000s (0.007s)	Loss 0.02647 (0.03974)
2021-10-28 13:57:16,826 Epoch: [3][40/200]	Time 0.018s (0.024s)	Speed 1740.2 samples/s	Data 0.000s (0.005s)	Loss 0.03663 (0.03931)
2021-10-28 13:57:17,014 Epoch: [3][50/200]	Time 0.018s (0.023s)	Speed 1735.9 samples/s	Data 0.000s (0.004s)	Loss 0.02980 (0.03842)
2021-10-28 13:57:17,202 Epoch: [3][60/200]	Time 0.018s (0.022s)	Speed 1739.6 samples/s	Data 0.000s (0.004s)	Loss 0.03098 (0.03741)
2021-10-28 13:57:17,391 Epoch: [3][70/200]	Time 0.018s (0.022s)	Speed 1769.1 samples/s	Data 0.000s (0.003s)	Loss 0.03505 (0.03698)
2021-10-28 13:57:17,580 Epoch: [3][80/200]	Time 0.018s (0.021s)	Speed 1733.0 samples/s	Data 0.000s (0.003s)	Loss 0.02418 (0.03667)
2021-10-28 13:57:17,769 Epoch: [3][90/200]	Time 0.018s (0.021s)	Speed 1741.5 samples/s	Data 0.000s (0.002s)	Loss 0.03104 (0.03636)
2021-10-28 13:57:17,963 Epoch: [3][100/200]	Time 0.021s (0.021s)	Speed 1527.7 samples/s	Data 0.001s (0.002s)	Loss 0.03153 (0.03619)
2021-10-28 13:57:18,154 Epoch: [3][110/200]	Time 0.018s (0.021s)	Speed 1753.9 samples/s	Data 0.000s (0.002s)	Loss 0.02943 (0.03594)
2021-10-28 13:57:18,344 Epoch: [3][120/200]	Time 0.018s (0.021s)	Speed 1736.7 samples/s	Data 0.000s (0.002s)	Loss 0.03505 (0.03577)
2021-10-28 13:57:18,533 Epoch: [3][130/200]	Time 0.018s (0.021s)	Speed 1749.9 samples/s	Data 0.000s (0.002s)	Loss 0.03295 (0.03563)
2021-10-28 13:57:18,723 Epoch: [3][140/200]	Time 0.019s (0.020s)	Speed 1725.2 samples/s	Data 0.000s (0.002s)	Loss 0.03283 (0.03537)
2021-10-28 13:57:18,933 Epoch: [3][150/200]	Time 0.022s (0.020s)	Speed 1469.8 samples/s	Data 0.000s (0.002s)	Loss 0.02728 (0.03532)
2021-10-28 13:57:19,133 Epoch: [3][160/200]	Time 0.024s (0.020s)	Speed 1311.7 samples/s	Data 0.000s (0.001s)	Loss 0.03122 (0.03544)
2021-10-28 13:57:19,351 Epoch: [3][170/200]	Time 0.021s (0.020s)	Speed 1515.1 samples/s	Data 0.000s (0.001s)	Loss 0.03970 (0.03534)
2021-10-28 13:57:19,568 Epoch: [3][180/200]	Time 0.021s (0.021s)	Speed 1519.8 samples/s	Data 0.000s (0.001s)	Loss 0.03427 (0.03513)
2021-10-28 13:57:19,783 Epoch: [3][190/200]	Time 0.020s (0.021s)	Speed 1587.1 samples/s	Data 0.000s (0.001s)	Loss 0.02584 (0.03489)
2021-10-28 13:57:20,065 Test: [0/200]	Time 0.026 (0.026)	Loss 0.1153 (0.1153)
2021-10-28 13:57:20,104 Test: [10/200]	Time 0.003 (0.006)	Loss 0.0286 (0.0876)
2021-10-28 13:57:20,145 Test: [20/200]	Time 0.004 (0.005)	Loss 0.0471 (0.0903)
2021-10-28 13:57:20,189 Test: [30/200]	Time 0.004 (0.005)	Loss 0.1451 (0.0959)
2021-10-28 13:57:20,232 Test: [40/200]	Time 0.004 (0.005)	Loss 0.0760 (0.1010)
2021-10-28 13:57:20,274 Test: [50/200]	Time 0.004 (0.005)	Loss 0.1508 (0.0997)
2021-10-28 13:57:20,316 Test: [60/200]	Time 0.004 (0.005)	Loss 0.1046 (0.1010)
2021-10-28 13:57:20,359 Test: [70/200]	Time 0.004 (0.005)	Loss 0.1038 (0.1016)
2021-10-28 13:57:20,403 Test: [80/200]	Time 0.004 (0.004)	Loss 0.1232 (0.1003)
2021-10-28 13:57:20,448 Test: [90/200]	Time 0.005 (0.004)	Loss 0.1151 (0.1024)
2021-10-28 13:57:20,489 Test: [100/200]	Time 0.004 (0.004)	Loss 0.1385 (0.1021)
2021-10-28 13:57:20,535 Test: [110/200]	Time 0.004 (0.004)	Loss 0.1896 (0.1036)
2021-10-28 13:57:20,578 Test: [120/200]	Time 0.004 (0.004)	Loss 0.1067 (0.1029)
2021-10-28 13:57:20,622 Test: [130/200]	Time 0.004 (0.004)	Loss 0.1000 (0.1039)
2021-10-28 13:57:20,666 Test: [140/200]	Time 0.004 (0.004)	Loss 0.1294 (0.1037)
2021-10-28 13:57:20,710 Test: [150/200]	Time 0.004 (0.004)	Loss 0.0977 (0.1031)
2021-10-28 13:57:20,756 Test: [160/200]	Time 0.004 (0.004)	Loss 0.1030 (0.1031)
2021-10-28 13:57:20,799 Test: [170/200]	Time 0.003 (0.004)	Loss 0.0904 (0.1020)
2021-10-28 13:57:20,840 Test: [180/200]	Time 0.003 (0.004)	Loss 0.0733 (0.1015)
2021-10-28 13:57:20,885 Test: [190/200]	Time 0.004 (0.004)	Loss 0.0642 (0.1014)
2021-10-28 13:57:21,473 Mean IoU score: 0.765
2021-10-28 13:57:21,474 => saving checkpoint to out
2021-10-28 13:57:21,743 Epoch: [4][0/200]	Time 0.242s (0.242s)	Speed 132.4 samples/s	Data 0.215s (0.215s)	Loss 0.03406 (0.03406)
2021-10-28 13:57:21,955 Epoch: [4][10/200]	Time 0.021s (0.041s)	Speed 1534.7 samples/s	Data 0.000s (0.020s)	Loss 0.02561 (0.02863)
2021-10-28 13:57:22,156 Epoch: [4][20/200]	Time 0.019s (0.031s)	Speed 1673.8 samples/s	Data 0.000s (0.010s)	Loss 0.02380 (0.02743)
2021-10-28 13:57:22,367 Epoch: [4][30/200]	Time 0.021s (0.028s)	Speed 1501.0 samples/s	Data 0.000s (0.007s)	Loss 0.02372 (0.02724)
2021-10-28 13:57:22,650 Epoch: [4][40/200]	Time 0.030s (0.028s)	Speed 1067.7 samples/s	Data 0.000s (0.005s)	Loss 0.02301 (0.02735)
2021-10-28 13:57:22,864 Epoch: [4][50/200]	Time 0.019s (0.027s)	Speed 1719.9 samples/s	Data 0.000s (0.004s)	Loss 0.02273 (0.02696)
2021-10-28 13:57:23,053 Epoch: [4][60/200]	Time 0.019s (0.025s)	Speed 1729.6 samples/s	Data 0.000s (0.004s)	Loss 0.01977 (0.02645)
2021-10-28 13:57:23,244 Epoch: [4][70/200]	Time 0.018s (0.025s)	Speed 1732.6 samples/s	Data 0.000s (0.003s)	Loss 0.02536 (0.02636)
2021-10-28 13:57:23,434 Epoch: [4][80/200]	Time 0.019s (0.024s)	Speed 1723.7 samples/s	Data 0.000s (0.003s)	Loss 0.02437 (0.02614)
2021-10-28 13:57:23,627 Epoch: [4][90/200]	Time 0.019s (0.023s)	Speed 1720.3 samples/s	Data 0.000s (0.003s)	Loss 0.02257 (0.02578)
2021-10-28 13:57:23,818 Epoch: [4][100/200]	Time 0.019s (0.023s)	Speed 1720.8 samples/s	Data 0.000s (0.002s)	Loss 0.02327 (0.02564)
2021-10-28 13:57:24,008 Epoch: [4][110/200]	Time 0.018s (0.023s)	Speed 1736.4 samples/s	Data 0.000s (0.002s)	Loss 0.02607 (0.02560)
2021-10-28 13:57:24,209 Epoch: [4][120/200]	Time 0.019s (0.022s)	Speed 1728.3 samples/s	Data 0.000s (0.002s)	Loss 0.02654 (0.02545)
2021-10-28 13:57:24,400 Epoch: [4][130/200]	Time 0.018s (0.022s)	Speed 1738.0 samples/s	Data 0.000s (0.002s)	Loss 0.02301 (0.02545)
2021-10-28 13:57:24,600 Epoch: [4][140/200]	Time 0.019s (0.022s)	Speed 1689.8 samples/s	Data 0.000s (0.002s)	Loss 0.02355 (0.02550)
2021-10-28 13:57:24,791 Epoch: [4][150/200]	Time 0.019s (0.022s)	Speed 1727.3 samples/s	Data 0.000s (0.002s)	Loss 0.02242 (0.02539)
2021-10-28 13:57:24,982 Epoch: [4][160/200]	Time 0.019s (0.022s)	Speed 1725.4 samples/s	Data 0.000s (0.002s)	Loss 0.02188 (0.02521)
2021-10-28 13:57:25,174 Epoch: [4][170/200]	Time 0.020s (0.021s)	Speed 1629.5 samples/s	Data 0.000s (0.001s)	Loss 0.02122 (0.02509)
2021-10-28 13:57:25,368 Epoch: [4][180/200]	Time 0.019s (0.021s)	Speed 1719.6 samples/s	Data 0.000s (0.001s)	Loss 0.03462 (0.02510)
2021-10-28 13:57:25,555 Epoch: [4][190/200]	Time 0.020s (0.021s)	Speed 1622.3 samples/s	Data 0.000s (0.001s)	Loss 0.02539 (0.02504)
2021-10-28 13:57:25,793 Test: [0/200]	Time 0.025 (0.025)	Loss 0.0847 (0.0847)
2021-10-28 13:57:25,834 Test: [10/200]	Time 0.003 (0.006)	Loss 0.0225 (0.0757)
2021-10-28 13:57:25,873 Test: [20/200]	Time 0.003 (0.005)	Loss 0.0683 (0.0795)
2021-10-28 13:57:25,912 Test: [30/200]	Time 0.003 (0.005)	Loss 0.1301 (0.0878)
2021-10-28 13:57:25,952 Test: [40/200]	Time 0.003 (0.004)	Loss 0.0606 (0.0902)
2021-10-28 13:57:25,994 Test: [50/200]	Time 0.004 (0.004)	Loss 0.1290 (0.0902)
2021-10-28 13:57:26,049 Test: [60/200]	Time 0.006 (0.005)	Loss 0.1292 (0.0946)
2021-10-28 13:57:26,097 Test: [70/200]	Time 0.004 (0.005)	Loss 0.0795 (0.0943)
2021-10-28 13:57:26,141 Test: [80/200]	Time 0.004 (0.005)	Loss 0.0967 (0.0924)
2021-10-28 13:57:26,182 Test: [90/200]	Time 0.003 (0.005)	Loss 0.1152 (0.0939)
2021-10-28 13:57:26,225 Test: [100/200]	Time 0.004 (0.005)	Loss 0.1526 (0.0930)
2021-10-28 13:57:26,271 Test: [110/200]	Time 0.004 (0.005)	Loss 0.1622 (0.0941)
2021-10-28 13:57:26,310 Test: [120/200]	Time 0.003 (0.004)	Loss 0.1048 (0.0923)
2021-10-28 13:57:26,352 Test: [130/200]	Time 0.004 (0.004)	Loss 0.0618 (0.0924)
2021-10-28 13:57:26,393 Test: [140/200]	Time 0.004 (0.004)	Loss 0.0776 (0.0915)
2021-10-28 13:57:26,433 Test: [150/200]	Time 0.003 (0.004)	Loss 0.0758 (0.0899)
2021-10-28 13:57:26,474 Test: [160/200]	Time 0.004 (0.004)	Loss 0.0842 (0.0896)
2021-10-28 13:57:26,516 Test: [170/200]	Time 0.004 (0.004)	Loss 0.0605 (0.0884)
2021-10-28 13:57:26,557 Test: [180/200]	Time 0.003 (0.004)	Loss 0.0644 (0.0877)
2021-10-28 13:57:26,596 Test: [190/200]	Time 0.004 (0.004)	Loss 0.0447 (0.0879)
2021-10-28 13:57:27,169 Mean IoU score: 0.797
2021-10-28 13:57:27,170 => saving checkpoint to out
2021-10-28 13:57:27,468 Epoch: [5][0/200]	Time 0.272s (0.272s)	Speed 117.8 samples/s	Data 0.252s (0.252s)	Loss 0.01814 (0.01814)
2021-10-28 13:57:27,656 Epoch: [5][10/200]	Time 0.018s (0.042s)	Speed 1771.5 samples/s	Data 0.000s (0.023s)	Loss 0.01799 (0.02181)
2021-10-28 13:57:27,843 Epoch: [5][20/200]	Time 0.018s (0.031s)	Speed 1750.4 samples/s	Data 0.000s (0.012s)	Loss 0.02286 (0.02255)
2021-10-28 13:57:28,031 Epoch: [5][30/200]	Time 0.018s (0.027s)	Speed 1755.3 samples/s	Data 0.000s (0.008s)	Loss 0.02640 (0.02207)
2021-10-28 13:57:28,219 Epoch: [5][40/200]	Time 0.018s (0.025s)	Speed 1743.2 samples/s	Data 0.000s (0.006s)	Loss 0.02094 (0.02172)
2021-10-28 13:57:28,408 Epoch: [5][50/200]	Time 0.018s (0.024s)	Speed 1743.9 samples/s	Data 0.000s (0.005s)	Loss 0.02622 (0.02155)
2021-10-28 13:57:28,598 Epoch: [5][60/200]	Time 0.018s (0.023s)	Speed 1746.4 samples/s	Data 0.000s (0.004s)	Loss 0.01518 (0.02109)
2021-10-28 13:57:28,786 Epoch: [5][70/200]	Time 0.018s (0.022s)	Speed 1740.7 samples/s	Data 0.000s (0.004s)	Loss 0.01796 (0.02093)
2021-10-28 13:57:28,975 Epoch: [5][80/200]	Time 0.018s (0.022s)	Speed 1750.4 samples/s	Data 0.000s (0.003s)	Loss 0.01929 (0.02090)
2021-10-28 13:57:29,166 Epoch: [5][90/200]	Time 0.018s (0.022s)	Speed 1745.1 samples/s	Data 0.000s (0.003s)	Loss 0.01528 (0.02090)
2021-10-28 13:57:29,356 Epoch: [5][100/200]	Time 0.018s (0.021s)	Speed 1734.0 samples/s	Data 0.000s (0.003s)	Loss 0.02251 (0.02078)
2021-10-28 13:57:29,546 Epoch: [5][110/200]	Time 0.018s (0.021s)	Speed 1730.4 samples/s	Data 0.000s (0.002s)	Loss 0.02105 (0.02077)
2021-10-28 13:57:29,736 Epoch: [5][120/200]	Time 0.018s (0.021s)	Speed 1748.3 samples/s	Data 0.000s (0.002s)	Loss 0.01760 (0.02057)
2021-10-28 13:57:29,926 Epoch: [5][130/200]	Time 0.018s (0.021s)	Speed 1741.9 samples/s	Data 0.000s (0.002s)	Loss 0.02318 (0.02058)
2021-10-28 13:57:30,115 Epoch: [5][140/200]	Time 0.018s (0.021s)	Speed 1734.3 samples/s	Data 0.000s (0.002s)	Loss 0.02287 (0.02048)
2021-10-28 13:57:30,304 Epoch: [5][150/200]	Time 0.018s (0.021s)	Speed 1739.0 samples/s	Data 0.000s (0.002s)	Loss 0.02098 (0.02038)
2021-10-28 13:57:30,493 Epoch: [5][160/200]	Time 0.018s (0.020s)	Speed 1764.6 samples/s	Data 0.000s (0.002s)	Loss 0.02153 (0.02020)
2021-10-28 13:57:30,683 Epoch: [5][170/200]	Time 0.018s (0.020s)	Speed 1740.1 samples/s	Data 0.000s (0.002s)	Loss 0.01733 (0.02008)
2021-10-28 13:57:30,881 Epoch: [5][180/200]	Time 0.019s (0.020s)	Speed 1659.0 samples/s	Data 0.000s (0.002s)	Loss 0.01729 (0.02010)
2021-10-28 13:57:31,078 Epoch: [5][190/200]	Time 0.019s (0.020s)	Speed 1650.6 samples/s	Data 0.000s (0.001s)	Loss 0.01658 (0.02008)
2021-10-28 13:57:31,326 Test: [0/200]	Time 0.025 (0.025)	Loss 0.0738 (0.0738)
2021-10-28 13:57:31,365 Test: [10/200]	Time 0.003 (0.006)	Loss 0.0251 (0.0624)
2021-10-28 13:57:31,406 Test: [20/200]	Time 0.004 (0.005)	Loss 0.0381 (0.0622)
2021-10-28 13:57:31,446 Test: [30/200]	Time 0.003 (0.005)	Loss 0.1203 (0.0694)
2021-10-28 13:57:31,486 Test: [40/200]	Time 0.004 (0.005)	Loss 0.0553 (0.0720)
2021-10-28 13:57:31,526 Test: [50/200]	Time 0.004 (0.004)	Loss 0.0936 (0.0719)
2021-10-28 13:57:31,565 Test: [60/200]	Time 0.003 (0.004)	Loss 0.1084 (0.0754)
2021-10-28 13:57:31,604 Test: [70/200]	Time 0.004 (0.004)	Loss 0.0690 (0.0758)
2021-10-28 13:57:31,645 Test: [80/200]	Time 0.004 (0.004)	Loss 0.0850 (0.0744)
2021-10-28 13:57:31,684 Test: [90/200]	Time 0.003 (0.004)	Loss 0.0992 (0.0756)
2021-10-28 13:57:31,723 Test: [100/200]	Time 0.003 (0.004)	Loss 0.1142 (0.0752)
2021-10-28 13:57:31,761 Test: [110/200]	Time 0.004 (0.004)	Loss 0.1461 (0.0759)
2021-10-28 13:57:31,800 Test: [120/200]	Time 0.003 (0.004)	Loss 0.0972 (0.0745)
2021-10-28 13:57:31,838 Test: [130/200]	Time 0.004 (0.004)	Loss 0.0577 (0.0747)
2021-10-28 13:57:31,877 Test: [140/200]	Time 0.003 (0.004)	Loss 0.0839 (0.0746)
2021-10-28 13:57:31,915 Test: [150/200]	Time 0.003 (0.004)	Loss 0.0676 (0.0734)
2021-10-28 13:57:31,954 Test: [160/200]	Time 0.004 (0.004)	Loss 0.0724 (0.0731)
2021-10-28 13:57:31,991 Test: [170/200]	Time 0.003 (0.004)	Loss 0.0543 (0.0724)
2021-10-28 13:57:32,029 Test: [180/200]	Time 0.003 (0.004)	Loss 0.0537 (0.0719)
2021-10-28 13:57:32,069 Test: [190/200]	Time 0.003 (0.004)	Loss 0.0342 (0.0716)
2021-10-28 13:57:32,646 Mean IoU score: 0.829
2021-10-28 13:57:32,647 => saving checkpoint to out
2021-10-28 13:57:32,901 Epoch: [6][0/200]	Time 0.228s (0.228s)	Speed 140.6 samples/s	Data 0.207s (0.207s)	Loss 0.01571 (0.01571)
2021-10-28 13:57:33,124 Epoch: [6][10/200]	Time 0.020s (0.041s)	Speed 1571.3 samples/s	Data 0.000s (0.021s)	Loss 0.02007 (0.01599)
2021-10-28 13:57:33,335 Epoch: [6][20/200]	Time 0.020s (0.031s)	Speed 1563.9 samples/s	Data 0.000s (0.011s)	Loss 0.01438 (0.01673)
2021-10-28 13:57:33,541 Epoch: [6][30/200]	Time 0.020s (0.028s)	Speed 1581.0 samples/s	Data 0.000s (0.007s)	Loss 0.01601 (0.01669)
2021-10-28 13:57:33,737 Epoch: [6][40/200]	Time 0.018s (0.026s)	Speed 1761.8 samples/s	Data 0.000s (0.006s)	Loss 0.01593 (0.01654)
2021-10-28 13:57:33,938 Epoch: [6][50/200]	Time 0.020s (0.025s)	Speed 1613.1 samples/s	Data 0.000s (0.005s)	Loss 0.01462 (0.01652)
2021-10-28 13:57:34,139 Epoch: [6][60/200]	Time 0.020s (0.024s)	Speed 1619.2 samples/s	Data 0.000s (0.004s)	Loss 0.01377 (0.01624)
2021-10-28 13:57:34,350 Epoch: [6][70/200]	Time 0.028s (0.024s)	Speed 1148.7 samples/s	Data 0.000s (0.003s)	Loss 0.01408 (0.01599)
2021-10-28 13:57:34,561 Epoch: [6][80/200]	Time 0.020s (0.023s)	Speed 1599.4 samples/s	Data 0.000s (0.003s)	Loss 0.01469 (0.01597)
2021-10-28 13:57:34,769 Epoch: [6][90/200]	Time 0.021s (0.023s)	Speed 1535.5 samples/s	Data 0.000s (0.003s)	Loss 0.01646 (0.01592)
2021-10-28 13:57:34,970 Epoch: [6][100/200]	Time 0.019s (0.023s)	Speed 1696.0 samples/s	Data 0.000s (0.002s)	Loss 0.01614 (0.01594)
2021-10-28 13:57:35,171 Epoch: [6][110/200]	Time 0.020s (0.023s)	Speed 1578.5 samples/s	Data 0.000s (0.002s)	Loss 0.01301 (0.01588)
2021-10-28 13:57:35,370 Epoch: [6][120/200]	Time 0.020s (0.022s)	Speed 1589.1 samples/s	Data 0.000s (0.002s)	Loss 0.01627 (0.01584)
2021-10-28 13:57:35,571 Epoch: [6][130/200]	Time 0.021s (0.022s)	Speed 1530.3 samples/s	Data 0.000s (0.002s)	Loss 0.01101 (0.01572)
2021-10-28 13:57:35,772 Epoch: [6][140/200]	Time 0.020s (0.022s)	Speed 1597.4 samples/s	Data 0.000s (0.002s)	Loss 0.01331 (0.01568)
2021-10-28 13:57:35,975 Epoch: [6][150/200]	Time 0.018s (0.022s)	Speed 1739.2 samples/s	Data 0.000s (0.002s)	Loss 0.01512 (0.01568)
2021-10-28 13:57:36,170 Epoch: [6][160/200]	Time 0.020s (0.022s)	Speed 1633.6 samples/s	Data 0.000s (0.002s)	Loss 0.01896 (0.01575)
2021-10-28 13:57:36,369 Epoch: [6][170/200]	Time 0.019s (0.022s)	Speed 1720.4 samples/s	Data 0.000s (0.001s)	Loss 0.01523 (0.01568)
2021-10-28 13:57:36,569 Epoch: [6][180/200]	Time 0.020s (0.022s)	Speed 1576.7 samples/s	Data 0.000s (0.001s)	Loss 0.01162 (0.01569)
2021-10-28 13:57:36,764 Epoch: [6][190/200]	Time 0.019s (0.021s)	Speed 1653.4 samples/s	Data 0.000s (0.001s)	Loss 0.01518 (0.01565)
2021-10-28 13:57:37,017 Test: [0/200]	Time 0.026 (0.026)	Loss 0.0592 (0.0592)
2021-10-28 13:57:37,062 Test: [10/200]	Time 0.004 (0.006)	Loss 0.0118 (0.0517)
2021-10-28 13:57:37,103 Test: [20/200]	Time 0.004 (0.005)	Loss 0.0525 (0.0600)
2021-10-28 13:57:37,143 Test: [30/200]	Time 0.003 (0.005)	Loss 0.0839 (0.0653)
2021-10-28 13:57:37,183 Test: [40/200]	Time 0.003 (0.005)	Loss 0.0550 (0.0659)
2021-10-28 13:57:37,225 Test: [50/200]	Time 0.004 (0.005)	Loss 0.0969 (0.0668)
2021-10-28 13:57:37,266 Test: [60/200]	Time 0.004 (0.005)	Loss 0.0823 (0.0693)
2021-10-28 13:57:37,307 Test: [70/200]	Time 0.004 (0.004)	Loss 0.0651 (0.0687)
2021-10-28 13:57:37,349 Test: [80/200]	Time 0.004 (0.004)	Loss 0.0656 (0.0669)
2021-10-28 13:57:37,391 Test: [90/200]	Time 0.004 (0.004)	Loss 0.0890 (0.0689)
2021-10-28 13:57:37,432 Test: [100/200]	Time 0.004 (0.004)	Loss 0.0891 (0.0684)
2021-10-28 13:57:37,475 Test: [110/200]	Time 0.004 (0.004)	Loss 0.1471 (0.0693)
2021-10-28 13:57:37,515 Test: [120/200]	Time 0.003 (0.004)	Loss 0.0680 (0.0677)
2021-10-28 13:57:37,554 Test: [130/200]	Time 0.004 (0.004)	Loss 0.0530 (0.0675)
2021-10-28 13:57:37,596 Test: [140/200]	Time 0.004 (0.004)	Loss 0.0753 (0.0670)
2021-10-28 13:57:37,637 Test: [150/200]	Time 0.003 (0.004)	Loss 0.0502 (0.0657)
2021-10-28 13:57:37,681 Test: [160/200]	Time 0.004 (0.004)	Loss 0.0613 (0.0653)
2021-10-28 13:57:37,720 Test: [170/200]	Time 0.004 (0.004)	Loss 0.0587 (0.0647)
2021-10-28 13:57:37,763 Test: [180/200]	Time 0.005 (0.004)	Loss 0.0597 (0.0643)
2021-10-28 13:57:37,804 Test: [190/200]	Time 0.004 (0.004)	Loss 0.0323 (0.0641)
2021-10-28 13:57:38,381 Mean IoU score: 0.847
2021-10-28 13:57:38,382 => saving checkpoint to out
2021-10-28 13:57:38,659 Epoch: [7][0/200]	Time 0.253s (0.253s)	Speed 126.5 samples/s	Data 0.230s (0.230s)	Loss 0.01423 (0.01423)
2021-10-28 13:57:38,865 Epoch: [7][10/200]	Time 0.021s (0.042s)	Speed 1508.8 samples/s	Data 0.000s (0.021s)	Loss 0.01255 (0.01435)
2021-10-28 13:57:39,060 Epoch: [7][20/200]	Time 0.019s (0.031s)	Speed 1670.1 samples/s	Data 0.000s (0.011s)	Loss 0.01677 (0.01441)
2021-10-28 13:57:39,260 Epoch: [7][30/200]	Time 0.021s (0.028s)	Speed 1533.1 samples/s	Data 0.000s (0.008s)	Loss 0.01606 (0.01417)
2021-10-28 13:57:39,464 Epoch: [7][40/200]	Time 0.020s (0.026s)	Speed 1571.8 samples/s	Data 0.000s (0.006s)	Loss 0.01156 (0.01413)
2021-10-28 13:57:39,662 Epoch: [7][50/200]	Time 0.018s (0.025s)	Speed 1738.7 samples/s	Data 0.000s (0.005s)	Loss 0.01297 (0.01393)
2021-10-28 13:57:39,851 Epoch: [7][60/200]	Time 0.018s (0.024s)	Speed 1745.8 samples/s	Data 0.000s (0.004s)	Loss 0.01247 (0.01384)
2021-10-28 13:57:40,045 Epoch: [7][70/200]	Time 0.019s (0.023s)	Speed 1642.3 samples/s	Data 0.000s (0.003s)	Loss 0.01100 (0.01364)
2021-10-28 13:57:40,243 Epoch: [7][80/200]	Time 0.019s (0.023s)	Speed 1699.4 samples/s	Data 0.000s (0.003s)	Loss 0.01136 (0.01362)
2021-10-28 13:57:40,446 Epoch: [7][90/200]	Time 0.020s (0.022s)	Speed 1577.2 samples/s	Data 0.000s (0.003s)	Loss 0.01496 (0.01347)
2021-10-28 13:57:40,649 Epoch: [7][100/200]	Time 0.019s (0.022s)	Speed 1647.6 samples/s	Data 0.000s (0.002s)	Loss 0.01557 (0.01353)
2021-10-28 13:57:40,848 Epoch: [7][110/200]	Time 0.019s (0.022s)	Speed 1656.6 samples/s	Data 0.000s (0.002s)	Loss 0.01034 (0.01347)
2021-10-28 13:57:41,050 Epoch: [7][120/200]	Time 0.020s (0.022s)	Speed 1624.6 samples/s	Data 0.000s (0.002s)	Loss 0.01226 (0.01351)
2021-10-28 13:57:41,253 Epoch: [7][130/200]	Time 0.019s (0.022s)	Speed 1645.6 samples/s	Data 0.000s (0.002s)	Loss 0.01149 (0.01347)
2021-10-28 13:57:41,454 Epoch: [7][140/200]	Time 0.020s (0.022s)	Speed 1586.2 samples/s	Data 0.000s (0.002s)	Loss 0.01587 (0.01340)
2021-10-28 13:57:41,659 Epoch: [7][150/200]	Time 0.019s (0.022s)	Speed 1646.7 samples/s	Data 0.000s (0.002s)	Loss 0.01123 (0.01333)
2021-10-28 13:57:41,867 Epoch: [7][160/200]	Time 0.019s (0.021s)	Speed 1681.2 samples/s	Data 0.000s (0.002s)	Loss 0.01540 (0.01328)
2021-10-28 13:57:42,069 Epoch: [7][170/200]	Time 0.019s (0.021s)	Speed 1658.9 samples/s	Data 0.000s (0.002s)	Loss 0.01397 (0.01326)
2021-10-28 13:57:42,275 Epoch: [7][180/200]	Time 0.019s (0.021s)	Speed 1641.6 samples/s	Data 0.000s (0.001s)	Loss 0.01270 (0.01325)
2021-10-28 13:57:42,479 Epoch: [7][190/200]	Time 0.021s (0.021s)	Speed 1560.1 samples/s	Data 0.000s (0.001s)	Loss 0.01185 (0.01327)
2021-10-28 13:57:42,752 Test: [0/200]	Time 0.027 (0.027)	Loss 0.0721 (0.0721)
2021-10-28 13:57:42,797 Test: [10/200]	Time 0.005 (0.006)	Loss 0.0127 (0.0548)
2021-10-28 13:57:42,838 Test: [20/200]	Time 0.004 (0.005)	Loss 0.0506 (0.0590)
2021-10-28 13:57:42,881 Test: [30/200]	Time 0.003 (0.005)	Loss 0.1007 (0.0664)
2021-10-28 13:57:42,923 Test: [40/200]	Time 0.003 (0.005)	Loss 0.0480 (0.0674)
2021-10-28 13:57:42,964 Test: [50/200]	Time 0.004 (0.005)	Loss 0.0923 (0.0670)
2021-10-28 13:57:43,004 Test: [60/200]	Time 0.004 (0.005)	Loss 0.0816 (0.0692)
2021-10-28 13:57:43,045 Test: [70/200]	Time 0.005 (0.004)	Loss 0.0765 (0.0696)
2021-10-28 13:57:43,085 Test: [80/200]	Time 0.004 (0.004)	Loss 0.0733 (0.0677)
2021-10-28 13:57:43,127 Test: [90/200]	Time 0.004 (0.004)	Loss 0.1017 (0.0698)
2021-10-28 13:57:43,169 Test: [100/200]	Time 0.004 (0.004)	Loss 0.1069 (0.0693)
2021-10-28 13:57:43,212 Test: [110/200]	Time 0.004 (0.004)	Loss 0.1550 (0.0699)
2021-10-28 13:57:43,253 Test: [120/200]	Time 0.004 (0.004)	Loss 0.0743 (0.0686)
2021-10-28 13:57:43,294 Test: [130/200]	Time 0.003 (0.004)	Loss 0.0473 (0.0682)
2021-10-28 13:57:43,335 Test: [140/200]	Time 0.004 (0.004)	Loss 0.0835 (0.0677)
2021-10-28 13:57:43,375 Test: [150/200]	Time 0.004 (0.004)	Loss 0.0645 (0.0664)
2021-10-28 13:57:43,415 Test: [160/200]	Time 0.003 (0.004)	Loss 0.0630 (0.0663)
2021-10-28 13:57:43,457 Test: [170/200]	Time 0.004 (0.004)	Loss 0.0465 (0.0656)
2021-10-28 13:57:43,498 Test: [180/200]	Time 0.004 (0.004)	Loss 0.0619 (0.0653)
2021-10-28 13:57:43,538 Test: [190/200]	Time 0.004 (0.004)	Loss 0.0274 (0.0651)
2021-10-28 13:57:44,113 Mean IoU score: 0.843
2021-10-28 13:57:44,114 => saving checkpoint to out
2021-10-28 13:57:44,376 Epoch: [8][0/200]	Time 0.243s (0.243s)	Speed 131.8 samples/s	Data 0.220s (0.220s)	Loss 0.01227 (0.01227)
2021-10-28 13:57:44,575 Epoch: [8][10/200]	Time 0.020s (0.040s)	Speed 1584.7 samples/s	Data 0.000s (0.020s)	Loss 0.01025 (0.01162)
2021-10-28 13:57:44,772 Epoch: [8][20/200]	Time 0.020s (0.030s)	Speed 1599.4 samples/s	Data 0.000s (0.011s)	Loss 0.01177 (0.01217)
2021-10-28 13:57:44,970 Epoch: [8][30/200]	Time 0.021s (0.027s)	Speed 1542.8 samples/s	Data 0.000s (0.007s)	Loss 0.01128 (0.01210)
2021-10-28 13:57:45,167 Epoch: [8][40/200]	Time 0.020s (0.025s)	Speed 1637.6 samples/s	Data 0.000s (0.005s)	Loss 0.00900 (0.01196)
2021-10-28 13:57:45,364 Epoch: [8][50/200]	Time 0.020s (0.024s)	Speed 1637.5 samples/s	Data 0.000s (0.004s)	Loss 0.01225 (0.01208)
2021-10-28 13:57:45,561 Epoch: [8][60/200]	Time 0.020s (0.023s)	Speed 1591.5 samples/s	Data 0.000s (0.004s)	Loss 0.01239 (0.01200)
2021-10-28 13:57:45,760 Epoch: [8][70/200]	Time 0.020s (0.023s)	Speed 1598.2 samples/s	Data 0.000s (0.003s)	Loss 0.01159 (0.01189)
2021-10-28 13:57:45,951 Epoch: [8][80/200]	Time 0.020s (0.022s)	Speed 1635.7 samples/s	Data 0.000s (0.003s)	Loss 0.00913 (0.01180)
2021-10-28 13:57:46,141 Epoch: [8][90/200]	Time 0.018s (0.022s)	Speed 1752.6 samples/s	Data 0.000s (0.003s)	Loss 0.00956 (0.01166)
2021-10-28 13:57:46,329 Epoch: [8][100/200]	Time 0.018s (0.022s)	Speed 1765.1 samples/s	Data 0.000s (0.002s)	Loss 0.01162 (0.01168)
2021-10-28 13:57:46,519 Epoch: [8][110/200]	Time 0.018s (0.021s)	Speed 1749.8 samples/s	Data 0.000s (0.002s)	Loss 0.01321 (0.01167)
2021-10-28 13:57:46,720 Epoch: [8][120/200]	Time 0.018s (0.021s)	Speed 1739.5 samples/s	Data 0.000s (0.002s)	Loss 0.01145 (0.01175)
2021-10-28 13:57:46,927 Epoch: [8][130/200]	Time 0.020s (0.021s)	Speed 1626.3 samples/s	Data 0.000s (0.002s)	Loss 0.00873 (0.01174)
2021-10-28 13:57:47,138 Epoch: [8][140/200]	Time 0.021s (0.021s)	Speed 1548.8 samples/s	Data 0.000s (0.002s)	Loss 0.01428 (0.01177)
2021-10-28 13:57:47,341 Epoch: [8][150/200]	Time 0.020s (0.021s)	Speed 1614.8 samples/s	Data 0.000s (0.002s)	Loss 0.01089 (0.01173)
2021-10-28 13:57:47,546 Epoch: [8][160/200]	Time 0.020s (0.021s)	Speed 1582.2 samples/s	Data 0.000s (0.002s)	Loss 0.01221 (0.01175)
2021-10-28 13:57:47,747 Epoch: [8][170/200]	Time 0.020s (0.021s)	Speed 1599.2 samples/s	Data 0.000s (0.001s)	Loss 0.01186 (0.01175)
2021-10-28 13:57:47,942 Epoch: [8][180/200]	Time 0.020s (0.021s)	Speed 1623.2 samples/s	Data 0.000s (0.001s)	Loss 0.01306 (0.01175)
2021-10-28 13:57:48,137 Epoch: [8][190/200]	Time 0.018s (0.021s)	Speed 1740.3 samples/s	Data 0.000s (0.001s)	Loss 0.01283 (0.01172)
2021-10-28 13:57:48,377 Test: [0/200]	Time 0.026 (0.026)	Loss 0.0585 (0.0585)
2021-10-28 13:57:48,417 Test: [10/200]	Time 0.003 (0.006)	Loss 0.0110 (0.0492)
2021-10-28 13:57:48,457 Test: [20/200]	Time 0.004 (0.005)	Loss 0.0427 (0.0538)
2021-10-28 13:57:48,498 Test: [30/200]	Time 0.004 (0.005)	Loss 0.0826 (0.0609)
2021-10-28 13:57:48,538 Test: [40/200]	Time 0.004 (0.005)	Loss 0.0502 (0.0621)
2021-10-28 13:57:48,579 Test: [50/200]	Time 0.004 (0.004)	Loss 0.0959 (0.0621)
2021-10-28 13:57:48,618 Test: [60/200]	Time 0.003 (0.004)	Loss 0.0721 (0.0646)
2021-10-28 13:57:48,659 Test: [70/200]	Time 0.004 (0.004)	Loss 0.0699 (0.0646)
2021-10-28 13:57:48,698 Test: [80/200]	Time 0.003 (0.004)	Loss 0.0572 (0.0629)
2021-10-28 13:57:48,737 Test: [90/200]	Time 0.004 (0.004)	Loss 0.0961 (0.0653)
2021-10-28 13:57:48,777 Test: [100/200]	Time 0.004 (0.004)	Loss 0.0866 (0.0646)
2021-10-28 13:57:48,817 Test: [110/200]	Time 0.003 (0.004)	Loss 0.1575 (0.0655)
2021-10-28 13:57:48,860 Test: [120/200]	Time 0.004 (0.004)	Loss 0.0714 (0.0640)
2021-10-28 13:57:48,901 Test: [130/200]	Time 0.004 (0.004)	Loss 0.0434 (0.0639)
2021-10-28 13:57:48,941 Test: [140/200]	Time 0.003 (0.004)	Loss 0.0910 (0.0637)
2021-10-28 13:57:48,981 Test: [150/200]	Time 0.003 (0.004)	Loss 0.0549 (0.0624)
2021-10-28 13:57:49,021 Test: [160/200]	Time 0.003 (0.004)	Loss 0.0642 (0.0623)
2021-10-28 13:57:49,061 Test: [170/200]	Time 0.003 (0.004)	Loss 0.0411 (0.0616)
2021-10-28 13:57:49,101 Test: [180/200]	Time 0.004 (0.004)	Loss 0.0456 (0.0614)
2021-10-28 13:57:49,143 Test: [190/200]	Time 0.003 (0.004)	Loss 0.0266 (0.0611)
2021-10-28 13:57:49,718 Mean IoU score: 0.851
2021-10-28 13:57:49,718 => saving checkpoint to out
2021-10-28 13:57:49,972 Epoch: [9][0/200]	Time 0.228s (0.228s)	Speed 140.3 samples/s	Data 0.206s (0.206s)	Loss 0.01102 (0.01102)
2021-10-28 13:57:50,164 Epoch: [9][10/200]	Time 0.019s (0.038s)	Speed 1666.0 samples/s	Data 0.000s (0.019s)	Loss 0.01042 (0.01078)
2021-10-28 13:57:50,352 Epoch: [9][20/200]	Time 0.018s (0.029s)	Speed 1747.4 samples/s	Data 0.000s (0.010s)	Loss 0.01550 (0.01112)
2021-10-28 13:57:50,539 Epoch: [9][30/200]	Time 0.018s (0.026s)	Speed 1733.1 samples/s	Data 0.000s (0.007s)	Loss 0.00939 (0.01110)
2021-10-28 13:57:50,728 Epoch: [9][40/200]	Time 0.018s (0.024s)	Speed 1738.4 samples/s	Data 0.000s (0.005s)	Loss 0.01080 (0.01112)
2021-10-28 13:57:50,916 Epoch: [9][50/200]	Time 0.018s (0.023s)	Speed 1764.4 samples/s	Data 0.000s (0.004s)	Loss 0.00753 (0.01096)
2021-10-28 13:57:51,104 Epoch: [9][60/200]	Time 0.018s (0.022s)	Speed 1762.6 samples/s	Data 0.000s (0.004s)	Loss 0.01140 (0.01079)
2021-10-28 13:57:51,294 Epoch: [9][70/200]	Time 0.018s (0.022s)	Speed 1752.0 samples/s	Data 0.000s (0.003s)	Loss 0.01020 (0.01081)
2021-10-28 13:57:51,483 Epoch: [9][80/200]	Time 0.018s (0.021s)	Speed 1758.0 samples/s	Data 0.000s (0.003s)	Loss 0.00795 (0.01083)
2021-10-28 13:57:51,674 Epoch: [9][90/200]	Time 0.018s (0.021s)	Speed 1735.2 samples/s	Data 0.000s (0.002s)	Loss 0.01146 (0.01075)
2021-10-28 13:57:51,864 Epoch: [9][100/200]	Time 0.018s (0.021s)	Speed 1757.8 samples/s	Data 0.000s (0.002s)	Loss 0.01539 (0.01077)
2021-10-28 13:57:52,052 Epoch: [9][110/200]	Time 0.018s (0.021s)	Speed 1768.1 samples/s	Data 0.000s (0.002s)	Loss 0.01176 (0.01076)
2021-10-28 13:57:52,243 Epoch: [9][120/200]	Time 0.018s (0.021s)	Speed 1736.0 samples/s	Data 0.000s (0.002s)	Loss 0.01009 (0.01070)
2021-10-28 13:57:52,432 Epoch: [9][130/200]	Time 0.018s (0.021s)	Speed 1739.7 samples/s	Data 0.000s (0.002s)	Loss 0.00842 (0.01074)
2021-10-28 13:57:52,623 Epoch: [9][140/200]	Time 0.018s (0.020s)	Speed 1760.7 samples/s	Data 0.000s (0.002s)	Loss 0.01148 (0.01073)
2021-10-28 13:57:52,812 Epoch: [9][150/200]	Time 0.018s (0.020s)	Speed 1757.9 samples/s	Data 0.000s (0.001s)	Loss 0.00865 (0.01073)
2021-10-28 13:57:53,000 Epoch: [9][160/200]	Time 0.018s (0.020s)	Speed 1744.9 samples/s	Data 0.000s (0.001s)	Loss 0.01154 (0.01071)
2021-10-28 13:57:53,191 Epoch: [9][170/200]	Time 0.018s (0.020s)	Speed 1731.8 samples/s	Data 0.000s (0.001s)	Loss 0.01074 (0.01066)
2021-10-28 13:57:53,378 Epoch: [9][180/200]	Time 0.018s (0.020s)	Speed 1788.5 samples/s	Data 0.000s (0.001s)	Loss 0.00965 (0.01065)
2021-10-28 13:57:53,564 Epoch: [9][190/200]	Time 0.019s (0.020s)	Speed 1694.0 samples/s	Data 0.000s (0.001s)	Loss 0.00812 (0.01061)
2021-10-28 13:57:53,805 Test: [0/200]	Time 0.025 (0.025)	Loss 0.0579 (0.0579)
2021-10-28 13:57:53,844 Test: [10/200]	Time 0.003 (0.006)	Loss 0.0207 (0.0501)
2021-10-28 13:57:53,883 Test: [20/200]	Time 0.003 (0.005)	Loss 0.0384 (0.0538)
2021-10-28 13:57:53,921 Test: [30/200]	Time 0.004 (0.005)	Loss 0.0928 (0.0582)
2021-10-28 13:57:53,961 Test: [40/200]	Time 0.004 (0.004)	Loss 0.0518 (0.0607)
2021-10-28 13:57:53,999 Test: [50/200]	Time 0.003 (0.004)	Loss 0.1077 (0.0598)
2021-10-28 13:57:54,038 Test: [60/200]	Time 0.004 (0.004)	Loss 0.0737 (0.0627)
2021-10-28 13:57:54,075 Test: [70/200]	Time 0.003 (0.004)	Loss 0.0666 (0.0629)
2021-10-28 13:57:54,113 Test: [80/200]	Time 0.003 (0.004)	Loss 0.0600 (0.0618)
2021-10-28 13:57:54,152 Test: [90/200]	Time 0.004 (0.004)	Loss 0.1129 (0.0643)
2021-10-28 13:57:54,196 Test: [100/200]	Time 0.004 (0.004)	Loss 0.0710 (0.0638)
2021-10-28 13:57:54,236 Test: [110/200]	Time 0.003 (0.004)	Loss 0.1561 (0.0648)
2021-10-28 13:57:54,277 Test: [120/200]	Time 0.004 (0.004)	Loss 0.0678 (0.0635)
2021-10-28 13:57:54,317 Test: [130/200]	Time 0.003 (0.004)	Loss 0.0506 (0.0637)
2021-10-28 13:57:54,360 Test: [140/200]	Time 0.004 (0.004)	Loss 0.0927 (0.0635)
2021-10-28 13:57:54,402 Test: [150/200]	Time 0.004 (0.004)	Loss 0.0531 (0.0625)
2021-10-28 13:57:54,445 Test: [160/200]	Time 0.004 (0.004)	Loss 0.0653 (0.0624)
2021-10-28 13:57:54,489 Test: [170/200]	Time 0.004 (0.004)	Loss 0.0446 (0.0617)
2021-10-28 13:57:54,530 Test: [180/200]	Time 0.004 (0.004)	Loss 0.0485 (0.0613)
2021-10-28 13:57:54,571 Test: [190/200]	Time 0.004 (0.004)	Loss 0.0240 (0.0609)
2021-10-28 13:57:55,159 Mean IoU score: 0.854
2021-10-28 13:57:55,160 => saving checkpoint to out
2021-10-28 13:57:55,453 Epoch: [10][0/200]	Time 0.270s (0.270s)	Speed 118.6 samples/s	Data 0.248s (0.248s)	Loss 0.00759 (0.00759)
2021-10-28 13:57:55,649 Epoch: [10][10/200]	Time 0.019s (0.042s)	Speed 1656.1 samples/s	Data 0.000s (0.023s)	Loss 0.00817 (0.00959)
2021-10-28 13:57:55,847 Epoch: [10][20/200]	Time 0.020s (0.032s)	Speed 1612.8 samples/s	Data 0.000s (0.012s)	Loss 0.00938 (0.00921)
2021-10-28 13:57:56,049 Epoch: [10][30/200]	Time 0.020s (0.028s)	Speed 1580.9 samples/s	Data 0.000s (0.008s)	Loss 0.01070 (0.00952)
2021-10-28 13:57:56,248 Epoch: [10][40/200]	Time 0.020s (0.026s)	Speed 1588.0 samples/s	Data 0.000s (0.006s)	Loss 0.00835 (0.00976)
2021-10-28 13:57:56,452 Epoch: [10][50/200]	Time 0.020s (0.025s)	Speed 1636.1 samples/s	Data 0.000s (0.005s)	Loss 0.01317 (0.00981)
2021-10-28 13:57:56,652 Epoch: [10][60/200]	Time 0.021s (0.024s)	Speed 1558.1 samples/s	Data 0.000s (0.004s)	Loss 0.01329 (0.00986)
2021-10-28 13:57:56,856 Epoch: [10][70/200]	Time 0.021s (0.024s)	Speed 1554.7 samples/s	Data 0.000s (0.004s)	Loss 0.00878 (0.00987)
2021-10-28 13:57:57,058 Epoch: [10][80/200]	Time 0.020s (0.023s)	Speed 1604.7 samples/s	Data 0.000s (0.003s)	Loss 0.01093 (0.00989)
2021-10-28 13:57:57,260 Epoch: [10][90/200]	Time 0.019s (0.023s)	Speed 1672.1 samples/s	Data 0.000s (0.003s)	Loss 0.00767 (0.00988)
2021-10-28 13:57:57,461 Epoch: [10][100/200]	Time 0.019s (0.023s)	Speed 1644.1 samples/s	Data 0.000s (0.003s)	Loss 0.00860 (0.00992)
2021-10-28 13:57:57,664 Epoch: [10][110/200]	Time 0.021s (0.022s)	Speed 1536.4 samples/s	Data 0.000s (0.002s)	Loss 0.00795 (0.00990)
2021-10-28 13:57:57,869 Epoch: [10][120/200]	Time 0.019s (0.022s)	Speed 1659.2 samples/s	Data 0.000s (0.002s)	Loss 0.01147 (0.00999)
2021-10-28 13:57:58,066 Epoch: [10][130/200]	Time 0.018s (0.022s)	Speed 1750.2 samples/s	Data 0.000s (0.002s)	Loss 0.01044 (0.01003)
2021-10-28 13:57:58,270 Epoch: [10][140/200]	Time 0.020s (0.022s)	Speed 1587.2 samples/s	Data 0.000s (0.002s)	Loss 0.00978 (0.01005)
2021-10-28 13:57:58,467 Epoch: [10][150/200]	Time 0.020s (0.022s)	Speed 1635.0 samples/s	Data 0.000s (0.002s)	Loss 0.00982 (0.01003)
2021-10-28 13:57:58,663 Epoch: [10][160/200]	Time 0.021s (0.022s)	Speed 1550.9 samples/s	Data 0.000s (0.002s)	Loss 0.00854 (0.01002)
2021-10-28 13:57:58,866 Epoch: [10][170/200]	Time 0.019s (0.022s)	Speed 1655.6 samples/s	Data 0.000s (0.002s)	Loss 0.01137 (0.01004)
2021-10-28 13:57:59,069 Epoch: [10][180/200]	Time 0.020s (0.021s)	Speed 1587.0 samples/s	Data 0.000s (0.002s)	Loss 0.00943 (0.01000)
2021-10-28 13:57:59,270 Epoch: [10][190/200]	Time 0.020s (0.021s)	Speed 1609.0 samples/s	Data 0.000s (0.001s)	Loss 0.00997 (0.00998)
2021-10-28 13:57:59,523 Test: [0/200]	Time 0.025 (0.025)	Loss 0.0721 (0.0721)
2021-10-28 13:57:59,563 Test: [10/200]	Time 0.004 (0.006)	Loss 0.0132 (0.0522)
2021-10-28 13:57:59,603 Test: [20/200]	Time 0.003 (0.005)	Loss 0.0390 (0.0557)
2021-10-28 13:57:59,645 Test: [30/200]	Time 0.005 (0.005)	Loss 0.0935 (0.0615)
2021-10-28 13:57:59,690 Test: [40/200]	Time 0.004 (0.005)	Loss 0.0580 (0.0640)
2021-10-28 13:57:59,734 Test: [50/200]	Time 0.004 (0.005)	Loss 0.0943 (0.0632)
2021-10-28 13:57:59,776 Test: [60/200]	Time 0.004 (0.005)	Loss 0.0945 (0.0659)
2021-10-28 13:57:59,819 Test: [70/200]	Time 0.004 (0.005)	Loss 0.0864 (0.0666)
2021-10-28 13:57:59,860 Test: [80/200]	Time 0.004 (0.004)	Loss 0.0578 (0.0650)
2021-10-28 13:57:59,903 Test: [90/200]	Time 0.004 (0.004)	Loss 0.1147 (0.0675)
2021-10-28 13:57:59,942 Test: [100/200]	Time 0.004 (0.004)	Loss 0.0945 (0.0668)
2021-10-28 13:57:59,982 Test: [110/200]	Time 0.003 (0.004)	Loss 0.1696 (0.0675)
2021-10-28 13:58:00,022 Test: [120/200]	Time 0.004 (0.004)	Loss 0.0629 (0.0660)
2021-10-28 13:58:00,062 Test: [130/200]	Time 0.003 (0.004)	Loss 0.0436 (0.0659)
2021-10-28 13:58:00,101 Test: [140/200]	Time 0.003 (0.004)	Loss 0.0655 (0.0656)
2021-10-28 13:58:00,141 Test: [150/200]	Time 0.004 (0.004)	Loss 0.0603 (0.0643)
2021-10-28 13:58:00,181 Test: [160/200]	Time 0.004 (0.004)	Loss 0.0655 (0.0645)
2021-10-28 13:58:00,225 Test: [170/200]	Time 0.004 (0.004)	Loss 0.0378 (0.0636)
2021-10-28 13:58:00,266 Test: [180/200]	Time 0.004 (0.004)	Loss 0.0406 (0.0635)
2021-10-28 13:58:00,305 Test: [190/200]	Time 0.003 (0.004)	Loss 0.0240 (0.0634)
2021-10-28 13:58:00,893 Mean IoU score: 0.849
2021-10-28 13:58:00,893 => saving checkpoint to out
2021-10-28 13:58:01,146 Epoch: [11][0/200]	Time 0.236s (0.236s)	Speed 135.6 samples/s	Data 0.214s (0.214s)	Loss 0.00795 (0.00795)
2021-10-28 13:58:01,346 Epoch: [11][10/200]	Time 0.020s (0.040s)	Speed 1565.1 samples/s	Data 0.000s (0.020s)	Loss 0.00980 (0.00861)
2021-10-28 13:58:01,546 Epoch: [11][20/200]	Time 0.020s (0.030s)	Speed 1598.4 samples/s	Data 0.000s (0.010s)	Loss 0.01132 (0.00862)
2021-10-28 13:58:01,752 Epoch: [11][30/200]	Time 0.020s (0.027s)	Speed 1638.1 samples/s	Data 0.000s (0.007s)	Loss 0.00880 (0.00880)
2021-10-28 13:58:01,953 Epoch: [11][40/200]	Time 0.020s (0.025s)	Speed 1612.8 samples/s	Data 0.000s (0.005s)	Loss 0.01167 (0.00893)
2021-10-28 13:58:02,154 Epoch: [11][50/200]	Time 0.018s (0.024s)	Speed 1735.1 samples/s	Data 0.000s (0.004s)	Loss 0.00884 (0.00905)
2021-10-28 13:58:02,357 Epoch: [11][60/200]	Time 0.022s (0.024s)	Speed 1478.8 samples/s	Data 0.000s (0.004s)	Loss 0.00988 (0.00912)
2021-10-28 13:58:02,564 Epoch: [11][70/200]	Time 0.021s (0.023s)	Speed 1505.9 samples/s	Data 0.000s (0.003s)	Loss 0.00915 (0.00908)
2021-10-28 13:58:02,766 Epoch: [11][80/200]	Time 0.020s (0.023s)	Speed 1564.8 samples/s	Data 0.000s (0.003s)	Loss 0.00862 (0.00909)
2021-10-28 13:58:02,965 Epoch: [11][90/200]	Time 0.020s (0.023s)	Speed 1637.8 samples/s	Data 0.000s (0.003s)	Loss 0.00839 (0.00907)
2021-10-28 13:58:03,170 Epoch: [11][100/200]	Time 0.021s (0.022s)	Speed 1542.4 samples/s	Data 0.000s (0.002s)	Loss 0.00980 (0.00911)
2021-10-28 13:58:03,379 Epoch: [11][110/200]	Time 0.020s (0.022s)	Speed 1594.2 samples/s	Data 0.000s (0.002s)	Loss 0.01108 (0.00910)
2021-10-28 13:58:03,579 Epoch: [11][120/200]	Time 0.020s (0.022s)	Speed 1620.6 samples/s	Data 0.000s (0.002s)	Loss 0.00853 (0.00911)
2021-10-28 13:58:03,775 Epoch: [11][130/200]	Time 0.020s (0.022s)	Speed 1627.5 samples/s	Data 0.000s (0.002s)	Loss 0.00856 (0.00910)
2021-10-28 13:58:03,974 Epoch: [11][140/200]	Time 0.019s (0.022s)	Speed 1657.0 samples/s	Data 0.000s (0.002s)	Loss 0.01243 (0.00919)
2021-10-28 13:58:04,173 Epoch: [11][150/200]	Time 0.020s (0.022s)	Speed 1600.3 samples/s	Data 0.000s (0.002s)	Loss 0.01149 (0.00920)
2021-10-28 13:58:04,371 Epoch: [11][160/200]	Time 0.020s (0.021s)	Speed 1573.6 samples/s	Data 0.000s (0.001s)	Loss 0.01002 (0.00922)
2021-10-28 13:58:04,570 Epoch: [11][170/200]	Time 0.020s (0.021s)	Speed 1579.5 samples/s	Data 0.000s (0.001s)	Loss 0.01084 (0.00928)
2021-10-28 13:58:04,766 Epoch: [11][180/200]	Time 0.019s (0.021s)	Speed 1682.9 samples/s	Data 0.000s (0.001s)	Loss 0.00772 (0.00928)
2021-10-28 13:58:04,960 Epoch: [11][190/200]	Time 0.019s (0.021s)	Speed 1696.7 samples/s	Data 0.000s (0.001s)	Loss 0.00899 (0.00928)
2021-10-28 13:58:05,208 Test: [0/200]	Time 0.026 (0.026)	Loss 0.0619 (0.0619)
2021-10-28 13:58:05,247 Test: [10/200]	Time 0.003 (0.006)	Loss 0.0300 (0.0544)
2021-10-28 13:58:05,285 Test: [20/200]	Time 0.004 (0.005)	Loss 0.0491 (0.0583)
2021-10-28 13:58:05,325 Test: [30/200]	Time 0.003 (0.005)	Loss 0.1115 (0.0643)
2021-10-28 13:58:05,363 Test: [40/200]	Time 0.003 (0.004)	Loss 0.0455 (0.0652)
2021-10-28 13:58:05,401 Test: [50/200]	Time 0.004 (0.004)	Loss 0.1102 (0.0651)
2021-10-28 13:58:05,440 Test: [60/200]	Time 0.003 (0.004)	Loss 0.0877 (0.0677)
2021-10-28 13:58:05,478 Test: [70/200]	Time 0.003 (0.004)	Loss 0.0688 (0.0675)
2021-10-28 13:58:05,516 Test: [80/200]	Time 0.004 (0.004)	Loss 0.0669 (0.0656)
2021-10-28 13:58:05,558 Test: [90/200]	Time 0.003 (0.004)	Loss 0.0935 (0.0681)
2021-10-28 13:58:05,604 Test: [100/200]	Time 0.004 (0.004)	Loss 0.0820 (0.0675)
2021-10-28 13:58:05,650 Test: [110/200]	Time 0.004 (0.004)	Loss 0.1855 (0.0686)
2021-10-28 13:58:05,694 Test: [120/200]	Time 0.004 (0.004)	Loss 0.0572 (0.0673)
2021-10-28 13:58:05,737 Test: [130/200]	Time 0.004 (0.004)	Loss 0.0424 (0.0672)
2021-10-28 13:58:05,785 Test: [140/200]	Time 0.004 (0.004)	Loss 0.0976 (0.0670)
2021-10-28 13:58:05,831 Test: [150/200]	Time 0.005 (0.004)	Loss 0.0600 (0.0660)
2021-10-28 13:58:05,876 Test: [160/200]	Time 0.004 (0.004)	Loss 0.0771 (0.0659)
2021-10-28 13:58:05,923 Test: [170/200]	Time 0.004 (0.004)	Loss 0.0427 (0.0653)
2021-10-28 13:58:05,967 Test: [180/200]	Time 0.004 (0.004)	Loss 0.0508 (0.0646)
2021-10-28 13:58:06,009 Test: [190/200]	Time 0.004 (0.004)	Loss 0.0246 (0.0643)
2021-10-28 13:58:06,608 Mean IoU score: 0.848
2021-10-28 13:58:06,609 => saving checkpoint to out
2021-10-28 13:58:06,866 Epoch: [12][0/200]	Time 0.237s (0.237s)	Speed 134.8 samples/s	Data 0.215s (0.215s)	Loss 0.01080 (0.01080)
2021-10-28 13:58:07,064 Epoch: [12][10/200]	Time 0.020s (0.040s)	Speed 1628.1 samples/s	Data 0.000s (0.020s)	Loss 0.01047 (0.01008)
2021-10-28 13:58:07,263 Epoch: [12][20/200]	Time 0.020s (0.030s)	Speed 1598.8 samples/s	Data 0.000s (0.010s)	Loss 0.01049 (0.00926)
2021-10-28 13:58:07,465 Epoch: [12][30/200]	Time 0.020s (0.027s)	Speed 1626.9 samples/s	Data 0.000s (0.007s)	Loss 0.00901 (0.00900)
2021-10-28 13:58:07,672 Epoch: [12][40/200]	Time 0.020s (0.025s)	Speed 1576.2 samples/s	Data 0.000s (0.005s)	Loss 0.00923 (0.00896)
2021-10-28 13:58:07,874 Epoch: [12][50/200]	Time 0.019s (0.024s)	Speed 1701.5 samples/s	Data 0.000s (0.004s)	Loss 0.00831 (0.00881)
2021-10-28 13:58:08,071 Epoch: [12][60/200]	Time 0.019s (0.024s)	Speed 1699.2 samples/s	Data 0.000s (0.004s)	Loss 0.00695 (0.00876)
2021-10-28 13:58:08,270 Epoch: [12][70/200]	Time 0.019s (0.023s)	Speed 1675.4 samples/s	Data 0.000s (0.003s)	Loss 0.00932 (0.00869)
2021-10-28 13:58:08,470 Epoch: [12][80/200]	Time 0.019s (0.023s)	Speed 1671.3 samples/s	Data 0.000s (0.003s)	Loss 0.00899 (0.00873)
2021-10-28 13:58:08,669 Epoch: [12][90/200]	Time 0.021s (0.022s)	Speed 1544.7 samples/s	Data 0.000s (0.003s)	Loss 0.00666 (0.00873)
2021-10-28 13:58:08,863 Epoch: [12][100/200]	Time 0.018s (0.022s)	Speed 1736.6 samples/s	Data 0.000s (0.002s)	Loss 0.00828 (0.00867)
2021-10-28 13:58:09,056 Epoch: [12][110/200]	Time 0.018s (0.022s)	Speed 1750.3 samples/s	Data 0.000s (0.002s)	Loss 0.00686 (0.00869)
2021-10-28 13:58:09,246 Epoch: [12][120/200]	Time 0.018s (0.022s)	Speed 1743.7 samples/s	Data 0.000s (0.002s)	Loss 0.00790 (0.00864)
2021-10-28 13:58:09,438 Epoch: [12][130/200]	Time 0.018s (0.021s)	Speed 1737.0 samples/s	Data 0.000s (0.002s)	Loss 0.00880 (0.00866)
2021-10-28 13:58:09,627 Epoch: [12][140/200]	Time 0.018s (0.021s)	Speed 1732.0 samples/s	Data 0.000s (0.002s)	Loss 0.00928 (0.00868)
2021-10-28 13:58:09,819 Epoch: [12][150/200]	Time 0.018s (0.021s)	Speed 1749.4 samples/s	Data 0.000s (0.002s)	Loss 0.00907 (0.00869)
2021-10-28 13:58:10,008 Epoch: [12][160/200]	Time 0.018s (0.021s)	Speed 1745.5 samples/s	Data 0.000s (0.001s)	Loss 0.01006 (0.00868)
2021-10-28 13:58:10,198 Epoch: [12][170/200]	Time 0.020s (0.021s)	Speed 1627.9 samples/s	Data 0.000s (0.001s)	Loss 0.00743 (0.00869)
2021-10-28 13:58:10,398 Epoch: [12][180/200]	Time 0.020s (0.021s)	Speed 1634.5 samples/s	Data 0.000s (0.001s)	Loss 0.00738 (0.00869)
2021-10-28 13:58:10,594 Epoch: [12][190/200]	Time 0.019s (0.021s)	Speed 1696.2 samples/s	Data 0.000s (0.001s)	Loss 0.00761 (0.00866)
2021-10-28 13:58:10,837 Test: [0/200]	Time 0.026 (0.026)	Loss 0.0687 (0.0687)
2021-10-28 13:58:10,880 Test: [10/200]	Time 0.004 (0.006)	Loss 0.0210 (0.0513)
2021-10-28 13:58:10,920 Test: [20/200]	Time 0.004 (0.005)	Loss 0.0527 (0.0556)
2021-10-28 13:58:10,960 Test: [30/200]	Time 0.004 (0.005)	Loss 0.1032 (0.0625)
2021-10-28 13:58:11,000 Test: [40/200]	Time 0.003 (0.005)	Loss 0.0475 (0.0642)
2021-10-28 13:58:11,041 Test: [50/200]	Time 0.004 (0.005)	Loss 0.1004 (0.0640)
2021-10-28 13:58:11,083 Test: [60/200]	Time 0.003 (0.004)	Loss 0.0834 (0.0675)
2021-10-28 13:58:11,123 Test: [70/200]	Time 0.004 (0.004)	Loss 0.0982 (0.0680)
2021-10-28 13:58:11,165 Test: [80/200]	Time 0.003 (0.004)	Loss 0.0625 (0.0664)
2021-10-28 13:58:11,205 Test: [90/200]	Time 0.004 (0.004)	Loss 0.1130 (0.0687)
2021-10-28 13:58:11,247 Test: [100/200]	Time 0.004 (0.004)	Loss 0.0821 (0.0679)
2021-10-28 13:58:11,288 Test: [110/200]	Time 0.004 (0.004)	Loss 0.1946 (0.0687)
2021-10-28 13:58:11,328 Test: [120/200]	Time 0.004 (0.004)	Loss 0.0611 (0.0678)
2021-10-28 13:58:11,369 Test: [130/200]	Time 0.004 (0.004)	Loss 0.0493 (0.0675)
2021-10-28 13:58:11,412 Test: [140/200]	Time 0.003 (0.004)	Loss 0.0865 (0.0673)
2021-10-28 13:58:11,451 Test: [150/200]	Time 0.003 (0.004)	Loss 0.0587 (0.0664)
2021-10-28 13:58:11,492 Test: [160/200]	Time 0.004 (0.004)	Loss 0.0714 (0.0664)
2021-10-28 13:58:11,532 Test: [170/200]	Time 0.003 (0.004)	Loss 0.0429 (0.0659)
2021-10-28 13:58:11,572 Test: [180/200]	Time 0.004 (0.004)	Loss 0.0397 (0.0657)
2021-10-28 13:58:11,612 Test: [190/200]	Time 0.004 (0.004)	Loss 0.0226 (0.0655)
2021-10-28 13:58:12,193 Mean IoU score: 0.848
2021-10-28 13:58:12,194 => saving checkpoint to out
2021-10-28 13:58:12,451 Epoch: [13][0/200]	Time 0.238s (0.238s)	Speed 134.5 samples/s	Data 0.216s (0.216s)	Loss 0.00580 (0.00580)
2021-10-28 13:58:12,659 Epoch: [13][10/200]	Time 0.020s (0.041s)	Speed 1588.8 samples/s	Data 0.000s (0.020s)	Loss 0.00672 (0.00845)
2021-10-28 13:58:12,867 Epoch: [13][20/200]	Time 0.020s (0.031s)	Speed 1616.6 samples/s	Data 0.000s (0.010s)	Loss 0.00610 (0.00798)
2021-10-28 13:58:13,069 Epoch: [13][30/200]	Time 0.021s (0.028s)	Speed 1546.5 samples/s	Data 0.000s (0.007s)	Loss 0.00759 (0.00812)
2021-10-28 13:58:13,275 Epoch: [13][40/200]	Time 0.020s (0.026s)	Speed 1615.1 samples/s	Data 0.000s (0.005s)	Loss 0.00882 (0.00815)
2021-10-28 13:58:13,476 Epoch: [13][50/200]	Time 0.021s (0.025s)	Speed 1541.7 samples/s	Data 0.000s (0.004s)	Loss 0.00876 (0.00808)
2021-10-28 13:58:13,683 Epoch: [13][60/200]	Time 0.020s (0.024s)	Speed 1572.0 samples/s	Data 0.000s (0.004s)	Loss 0.00985 (0.00814)
2021-10-28 13:58:13,890 Epoch: [13][70/200]	Time 0.020s (0.024s)	Speed 1628.4 samples/s	Data 0.000s (0.003s)	Loss 0.00927 (0.00811)
2021-10-28 13:58:14,091 Epoch: [13][80/200]	Time 0.020s (0.023s)	Speed 1638.6 samples/s	Data 0.000s (0.003s)	Loss 0.00876 (0.00818)
2021-10-28 13:58:14,281 Epoch: [13][90/200]	Time 0.018s (0.023s)	Speed 1737.6 samples/s	Data 0.000s (0.003s)	Loss 0.01050 (0.00826)
2021-10-28 13:58:14,474 Epoch: [13][100/200]	Time 0.021s (0.022s)	Speed 1539.2 samples/s	Data 0.000s (0.002s)	Loss 0.00630 (0.00831)
2021-10-28 13:58:14,670 Epoch: [13][110/200]	Time 0.019s (0.022s)	Speed 1709.8 samples/s	Data 0.000s (0.002s)	Loss 0.00946 (0.00835)
2021-10-28 13:58:14,868 Epoch: [13][120/200]	Time 0.018s (0.022s)	Speed 1751.8 samples/s	Data 0.000s (0.002s)	Loss 0.00880 (0.00835)
2021-10-28 13:58:15,068 Epoch: [13][130/200]	Time 0.019s (0.022s)	Speed 1671.8 samples/s	Data 0.000s (0.002s)	Loss 0.00963 (0.00836)
2021-10-28 13:58:15,274 Epoch: [13][140/200]	Time 0.020s (0.022s)	Speed 1574.9 samples/s	Data 0.000s (0.002s)	Loss 0.01000 (0.00839)
2021-10-28 13:58:15,478 Epoch: [13][150/200]	Time 0.019s (0.022s)	Speed 1646.0 samples/s	Data 0.000s (0.002s)	Loss 0.00808 (0.00837)
2021-10-28 13:58:15,682 Epoch: [13][160/200]	Time 0.019s (0.022s)	Speed 1645.1 samples/s	Data 0.000s (0.002s)	Loss 0.00889 (0.00838)
2021-10-28 13:58:15,881 Epoch: [13][170/200]	Time 0.019s (0.021s)	Speed 1671.3 samples/s	Data 0.000s (0.001s)	Loss 0.00980 (0.00840)
2021-10-28 13:58:16,080 Epoch: [13][180/200]	Time 0.020s (0.021s)	Speed 1628.8 samples/s	Data 0.000s (0.001s)	Loss 0.00868 (0.00840)
2021-10-28 13:58:16,281 Epoch: [13][190/200]	Time 0.019s (0.021s)	Speed 1696.2 samples/s	Data 0.000s (0.001s)	Loss 0.00877 (0.00841)
2021-10-28 13:58:16,531 Test: [0/200]	Time 0.026 (0.026)	Loss 0.1079 (0.1079)
2021-10-28 13:58:16,572 Test: [10/200]	Time 0.003 (0.006)	Loss 0.0381 (0.0726)
2021-10-28 13:58:16,613 Test: [20/200]	Time 0.004 (0.005)	Loss 0.0482 (0.0732)
2021-10-28 13:58:16,654 Test: [30/200]	Time 0.005 (0.005)	Loss 0.1537 (0.0824)
2021-10-28 13:58:16,695 Test: [40/200]	Time 0.005 (0.005)	Loss 0.0396 (0.0852)
2021-10-28 13:58:16,738 Test: [50/200]	Time 0.004 (0.005)	Loss 0.1209 (0.0833)
2021-10-28 13:58:16,779 Test: [60/200]	Time 0.004 (0.004)	Loss 0.1128 (0.0864)
2021-10-28 13:58:16,818 Test: [70/200]	Time 0.003 (0.004)	Loss 0.1041 (0.0857)
2021-10-28 13:58:16,858 Test: [80/200]	Time 0.003 (0.004)	Loss 0.0926 (0.0829)
2021-10-28 13:58:16,898 Test: [90/200]	Time 0.004 (0.004)	Loss 0.1376 (0.0862)
2021-10-28 13:58:16,937 Test: [100/200]	Time 0.004 (0.004)	Loss 0.1231 (0.0860)
2021-10-28 13:58:16,981 Test: [110/200]	Time 0.004 (0.004)	Loss 0.2110 (0.0879)
2021-10-28 13:58:17,021 Test: [120/200]	Time 0.003 (0.004)	Loss 0.0851 (0.0873)
2021-10-28 13:58:17,059 Test: [130/200]	Time 0.004 (0.004)	Loss 0.0613 (0.0872)
2021-10-28 13:58:17,100 Test: [140/200]	Time 0.004 (0.004)	Loss 0.1184 (0.0866)
2021-10-28 13:58:17,138 Test: [150/200]	Time 0.004 (0.004)	Loss 0.0695 (0.0855)
2021-10-28 13:58:17,181 Test: [160/200]	Time 0.003 (0.004)	Loss 0.0948 (0.0858)
2021-10-28 13:58:17,225 Test: [170/200]	Time 0.004 (0.004)	Loss 0.0593 (0.0854)
2021-10-28 13:58:17,264 Test: [180/200]	Time 0.003 (0.004)	Loss 0.0650 (0.0847)
2021-10-28 13:58:17,303 Test: [190/200]	Time 0.003 (0.004)	Loss 0.0291 (0.0842)
2021-10-28 13:58:17,896 Mean IoU score: 0.814
2021-10-28 13:58:17,896 => saving checkpoint to out
2021-10-28 13:58:18,181 Epoch: [14][0/200]	Time 0.268s (0.268s)	Speed 119.3 samples/s	Data 0.245s (0.245s)	Loss 0.00714 (0.00714)
2021-10-28 13:58:18,380 Epoch: [14][10/200]	Time 0.022s (0.042s)	Speed 1484.2 samples/s	Data 0.000s (0.022s)	Loss 0.00698 (0.00803)
2021-10-28 13:58:18,579 Epoch: [14][20/200]	Time 0.020s (0.032s)	Speed 1627.4 samples/s	Data 0.000s (0.012s)	Loss 0.00822 (0.00816)
2021-10-28 13:58:18,776 Epoch: [14][30/200]	Time 0.020s (0.028s)	Speed 1598.7 samples/s	Data 0.000s (0.008s)	Loss 0.00957 (0.00809)
2021-10-28 13:58:18,973 Epoch: [14][40/200]	Time 0.020s (0.026s)	Speed 1566.0 samples/s	Data 0.000s (0.006s)	Loss 0.00744 (0.00825)
2021-10-28 13:58:19,176 Epoch: [14][50/200]	Time 0.021s (0.025s)	Speed 1541.2 samples/s	Data 0.000s (0.005s)	Loss 0.01013 (0.00843)
2021-10-28 13:58:19,374 Epoch: [14][60/200]	Time 0.020s (0.024s)	Speed 1612.2 samples/s	Data 0.000s (0.004s)	Loss 0.00711 (0.00838)
2021-10-28 13:58:19,571 Epoch: [14][70/200]	Time 0.020s (0.023s)	Speed 1599.6 samples/s	Data 0.000s (0.004s)	Loss 0.00831 (0.00846)
2021-10-28 13:58:19,776 Epoch: [14][80/200]	Time 0.027s (0.023s)	Speed 1171.4 samples/s	Data 0.001s (0.003s)	Loss 0.00889 (0.00840)
2021-10-28 13:58:19,977 Epoch: [14][90/200]	Time 0.019s (0.023s)	Speed 1654.4 samples/s	Data 0.000s (0.003s)	Loss 0.00894 (0.00849)
2021-10-28 13:58:20,175 Epoch: [14][100/200]	Time 0.020s (0.022s)	Speed 1619.2 samples/s	Data 0.000s (0.003s)	Loss 0.01025 (0.00851)
2021-10-28 13:58:20,381 Epoch: [14][110/200]	Time 0.020s (0.022s)	Speed 1570.3 samples/s	Data 0.000s (0.002s)	Loss 0.00688 (0.00855)
2021-10-28 13:58:20,579 Epoch: [14][120/200]	Time 0.020s (0.022s)	Speed 1629.1 samples/s	Data 0.000s (0.002s)	Loss 0.00759 (0.00852)
2021-10-28 13:58:20,778 Epoch: [14][130/200]	Time 0.020s (0.022s)	Speed 1609.4 samples/s	Data 0.000s (0.002s)	Loss 0.00657 (0.00844)
2021-10-28 13:58:20,977 Epoch: [14][140/200]	Time 0.019s (0.022s)	Speed 1648.3 samples/s	Data 0.000s (0.002s)	Loss 0.00584 (0.00844)
2021-10-28 13:58:21,176 Epoch: [14][150/200]	Time 0.020s (0.022s)	Speed 1614.2 samples/s	Data 0.000s (0.002s)	Loss 0.00799 (0.00839)
2021-10-28 13:58:21,376 Epoch: [14][160/200]	Time 0.021s (0.022s)	Speed 1545.9 samples/s	Data 0.000s (0.002s)	Loss 0.00663 (0.00836)
2021-10-28 13:58:21,576 Epoch: [14][170/200]	Time 0.020s (0.021s)	Speed 1603.2 samples/s	Data 0.000s (0.002s)	Loss 0.00878 (0.00836)
2021-10-28 13:58:21,771 Epoch: [14][180/200]	Time 0.018s (0.021s)	Speed 1792.0 samples/s	Data 0.000s (0.002s)	Loss 0.00802 (0.00830)
2021-10-28 13:58:21,958 Epoch: [14][190/200]	Time 0.018s (0.021s)	Speed 1795.8 samples/s	Data 0.000s (0.001s)	Loss 0.00810 (0.00829)
2021-10-28 13:58:22,190 Test: [0/200]	Time 0.025 (0.025)	Loss 0.0597 (0.0597)
2021-10-28 13:58:22,231 Test: [10/200]	Time 0.003 (0.006)	Loss 0.0085 (0.0590)
2021-10-28 13:58:22,270 Test: [20/200]	Time 0.004 (0.005)	Loss 0.0689 (0.0697)
2021-10-28 13:58:22,310 Test: [30/200]	Time 0.003 (0.005)	Loss 0.0858 (0.0786)
2021-10-28 13:58:22,349 Test: [40/200]	Time 0.003 (0.005)	Loss 0.0557 (0.0776)
2021-10-28 13:58:22,391 Test: [50/200]	Time 0.004 (0.004)	Loss 0.1640 (0.0788)
2021-10-28 13:58:22,430 Test: [60/200]	Time 0.003 (0.004)	Loss 0.1338 (0.0830)
2021-10-28 13:58:22,468 Test: [70/200]	Time 0.003 (0.004)	Loss 0.0939 (0.0828)
2021-10-28 13:58:22,507 Test: [80/200]	Time 0.004 (0.004)	Loss 0.0851 (0.0799)
2021-10-28 13:58:22,547 Test: [90/200]	Time 0.003 (0.004)	Loss 0.1128 (0.0816)
2021-10-28 13:58:22,588 Test: [100/200]	Time 0.004 (0.004)	Loss 0.0919 (0.0805)
2021-10-28 13:58:22,627 Test: [110/200]	Time 0.004 (0.004)	Loss 0.1696 (0.0810)
2021-10-28 13:58:22,668 Test: [120/200]	Time 0.003 (0.004)	Loss 0.0885 (0.0792)
2021-10-28 13:58:22,706 Test: [130/200]	Time 0.003 (0.004)	Loss 0.0506 (0.0790)
2021-10-28 13:58:22,745 Test: [140/200]	Time 0.004 (0.004)	Loss 0.0891 (0.0780)
2021-10-28 13:58:22,784 Test: [150/200]	Time 0.003 (0.004)	Loss 0.0482 (0.0764)
2021-10-28 13:58:22,822 Test: [160/200]	Time 0.003 (0.004)	Loss 0.0570 (0.0761)
2021-10-28 13:58:22,861 Test: [170/200]	Time 0.004 (0.004)	Loss 0.0512 (0.0751)
2021-10-28 13:58:22,899 Test: [180/200]	Time 0.003 (0.004)	Loss 0.0387 (0.0746)
2021-10-28 13:58:22,937 Test: [190/200]	Time 0.004 (0.004)	Loss 0.0240 (0.0746)
2021-10-28 13:58:23,503 Mean IoU score: 0.831
2021-10-28 13:58:23,504 => saving checkpoint to out
2021-10-28 13:58:23,790 Epoch: [15][0/200]	Time 0.266s (0.266s)	Speed 120.1 samples/s	Data 0.245s (0.245s)	Loss 0.00697 (0.00697)
2021-10-28 13:58:23,979 Epoch: [15][10/200]	Time 0.018s (0.041s)	Speed 1757.6 samples/s	Data 0.000s (0.022s)	Loss 0.01145 (0.00846)
2021-10-28 13:58:24,167 Epoch: [15][20/200]	Time 0.018s (0.031s)	Speed 1737.0 samples/s	Data 0.000s (0.012s)	Loss 0.00895 (0.00904)
2021-10-28 13:58:24,355 Epoch: [15][30/200]	Time 0.018s (0.027s)	Speed 1742.5 samples/s	Data 0.000s (0.008s)	Loss 0.01536 (0.00983)
2021-10-28 13:58:24,546 Epoch: [15][40/200]	Time 0.018s (0.025s)	Speed 1771.5 samples/s	Data 0.000s (0.006s)	Loss 0.01464 (0.01092)
2021-10-28 13:58:24,735 Epoch: [15][50/200]	Time 0.018s (0.024s)	Speed 1738.4 samples/s	Data 0.000s (0.005s)	Loss 0.01920 (0.01266)
2021-10-28 13:58:24,927 Epoch: [15][60/200]	Time 0.018s (0.023s)	Speed 1754.1 samples/s	Data 0.000s (0.004s)	Loss 0.02269 (0.01470)
2021-10-28 13:58:25,117 Epoch: [15][70/200]	Time 0.018s (0.022s)	Speed 1735.1 samples/s	Data 0.000s (0.004s)	Loss 0.01566 (0.01556)
2021-10-28 13:58:25,306 Epoch: [15][80/200]	Time 0.018s (0.022s)	Speed 1743.6 samples/s	Data 0.000s (0.003s)	Loss 0.02031 (0.01635)
2021-10-28 13:58:25,497 Epoch: [15][90/200]	Time 0.018s (0.022s)	Speed 1733.5 samples/s	Data 0.000s (0.003s)	Loss 0.01404 (0.01680)
2021-10-28 13:58:25,686 Epoch: [15][100/200]	Time 0.018s (0.021s)	Speed 1769.4 samples/s	Data 0.000s (0.003s)	Loss 0.02991 (0.01715)
2021-10-28 13:58:25,880 Epoch: [15][110/200]	Time 0.019s (0.021s)	Speed 1698.7 samples/s	Data 0.000s (0.002s)	Loss 0.01091 (0.01718)
2021-10-28 13:58:26,070 Epoch: [15][120/200]	Time 0.018s (0.021s)	Speed 1737.0 samples/s	Data 0.000s (0.002s)	Loss 0.01779 (0.01728)
2021-10-28 13:58:26,259 Epoch: [15][130/200]	Time 0.018s (0.021s)	Speed 1738.3 samples/s	Data 0.000s (0.002s)	Loss 0.01459 (0.01721)
2021-10-28 13:58:26,450 Epoch: [15][140/200]	Time 0.018s (0.021s)	Speed 1759.5 samples/s	Data 0.000s (0.002s)	Loss 0.02486 (0.01735)
2021-10-28 13:58:26,639 Epoch: [15][150/200]	Time 0.018s (0.021s)	Speed 1768.0 samples/s	Data 0.000s (0.002s)	Loss 0.02374 (0.01747)
2021-10-28 13:58:26,830 Epoch: [15][160/200]	Time 0.018s (0.021s)	Speed 1745.1 samples/s	Data 0.000s (0.002s)	Loss 0.01779 (0.01752)
2021-10-28 13:58:27,019 Epoch: [15][170/200]	Time 0.018s (0.020s)	Speed 1744.7 samples/s	Data 0.000s (0.002s)	Loss 0.01156 (0.01739)
2021-10-28 13:58:27,206 Epoch: [15][180/200]	Time 0.018s (0.020s)	Speed 1796.8 samples/s	Data 0.000s (0.001s)	Loss 0.01326 (0.01727)
2021-10-28 13:58:27,392 Epoch: [15][190/200]	Time 0.019s (0.020s)	Speed 1669.0 samples/s	Data 0.000s (0.001s)	Loss 0.00967 (0.01704)
2021-10-28 13:58:27,627 Test: [0/200]	Time 0.025 (0.025)	Loss 0.0928 (0.0928)
2021-10-28 13:58:27,668 Test: [10/200]	Time 0.003 (0.006)	Loss 0.0300 (0.0771)
2021-10-28 13:58:27,706 Test: [20/200]	Time 0.003 (0.005)	Loss 0.0465 (0.0764)
2021-10-28 13:58:27,745 Test: [30/200]	Time 0.003 (0.005)	Loss 0.1800 (0.0829)
2021-10-28 13:58:27,785 Test: [40/200]	Time 0.003 (0.004)	Loss 0.0679 (0.0863)
2021-10-28 13:58:27,825 Test: [50/200]	Time 0.004 (0.004)	Loss 0.0999 (0.0830)
2021-10-28 13:58:27,865 Test: [60/200]	Time 0.003 (0.004)	Loss 0.1230 (0.0881)
2021-10-28 13:58:27,903 Test: [70/200]	Time 0.004 (0.004)	Loss 0.0848 (0.0887)
2021-10-28 13:58:27,942 Test: [80/200]	Time 0.004 (0.004)	Loss 0.0755 (0.0862)
2021-10-28 13:58:27,979 Test: [90/200]	Time 0.003 (0.004)	Loss 0.1200 (0.0874)
2021-10-28 13:58:28,018 Test: [100/200]	Time 0.003 (0.004)	Loss 0.1015 (0.0868)
2021-10-28 13:58:28,056 Test: [110/200]	Time 0.004 (0.004)	Loss 0.1965 (0.0891)
2021-10-28 13:58:28,095 Test: [120/200]	Time 0.003 (0.004)	Loss 0.1073 (0.0881)
2021-10-28 13:58:28,133 Test: [130/200]	Time 0.003 (0.004)	Loss 0.0715 (0.0883)
2021-10-28 13:58:28,173 Test: [140/200]	Time 0.004 (0.004)	Loss 0.0905 (0.0873)
2021-10-28 13:58:28,211 Test: [150/200]	Time 0.003 (0.004)	Loss 0.0793 (0.0857)
2021-10-28 13:58:28,249 Test: [160/200]	Time 0.003 (0.004)	Loss 0.0833 (0.0856)
2021-10-28 13:58:28,288 Test: [170/200]	Time 0.004 (0.004)	Loss 0.0706 (0.0845)
2021-10-28 13:58:28,326 Test: [180/200]	Time 0.003 (0.004)	Loss 0.0568 (0.0838)
2021-10-28 13:58:28,364 Test: [190/200]	Time 0.003 (0.004)	Loss 0.0344 (0.0835)
2021-10-28 13:58:28,943 Mean IoU score: 0.796
2021-10-28 13:58:28,943 => saving checkpoint to out
2021-10-28 13:58:29,216 Epoch: [16][0/200]	Time 0.248s (0.248s)	Speed 129.1 samples/s	Data 0.227s (0.227s)	Loss 0.01192 (0.01192)
2021-10-28 13:58:29,406 Epoch: [16][10/200]	Time 0.019s (0.040s)	Speed 1717.2 samples/s	Data 0.000s (0.021s)	Loss 0.01133 (0.01322)
2021-10-28 13:58:29,595 Epoch: [16][20/200]	Time 0.018s (0.030s)	Speed 1767.6 samples/s	Data 0.000s (0.011s)	Loss 0.01658 (0.01393)
2021-10-28 13:58:29,792 Epoch: [16][30/200]	Time 0.018s (0.027s)	Speed 1744.2 samples/s	Data 0.000s (0.007s)	Loss 0.00947 (0.01327)
2021-10-28 13:58:29,980 Epoch: [16][40/200]	Time 0.018s (0.025s)	Speed 1732.6 samples/s	Data 0.000s (0.006s)	Loss 0.01238 (0.01264)
2021-10-28 13:58:30,169 Epoch: [16][50/200]	Time 0.018s (0.024s)	Speed 1734.5 samples/s	Data 0.000s (0.005s)	Loss 0.01237 (0.01224)
2021-10-28 13:58:30,360 Epoch: [16][60/200]	Time 0.018s (0.023s)	Speed 1767.7 samples/s	Data 0.000s (0.004s)	Loss 0.01082 (0.01203)
2021-10-28 13:58:30,549 Epoch: [16][70/200]	Time 0.018s (0.022s)	Speed 1746.5 samples/s	Data 0.000s (0.003s)	Loss 0.01035 (0.01196)
2021-10-28 13:58:30,747 Epoch: [16][80/200]	Time 0.018s (0.022s)	Speed 1737.8 samples/s	Data 0.000s (0.003s)	Loss 0.00675 (0.01178)
2021-10-28 13:58:30,936 Epoch: [16][90/200]	Time 0.018s (0.022s)	Speed 1740.9 samples/s	Data 0.000s (0.003s)	Loss 0.01298 (0.01185)
2021-10-28 13:58:31,133 Epoch: [16][100/200]	Time 0.018s (0.021s)	Speed 1741.0 samples/s	Data 0.000s (0.002s)	Loss 0.01428 (0.01186)
2021-10-28 13:58:31,322 Epoch: [16][110/200]	Time 0.018s (0.021s)	Speed 1750.6 samples/s	Data 0.000s (0.002s)	Loss 0.01156 (0.01175)
2021-10-28 13:58:31,511 Epoch: [16][120/200]	Time 0.018s (0.021s)	Speed 1737.4 samples/s	Data 0.000s (0.002s)	Loss 0.01284 (0.01169)
2021-10-28 13:58:31,709 Epoch: [16][130/200]	Time 0.020s (0.021s)	Speed 1621.3 samples/s	Data 0.000s (0.002s)	Loss 0.01032 (0.01154)
2021-10-28 13:58:31,914 Epoch: [16][140/200]	Time 0.025s (0.021s)	Speed 1269.5 samples/s	Data 0.000s (0.002s)	Loss 0.01177 (0.01148)
2021-10-28 13:58:32,114 Epoch: [16][150/200]	Time 0.019s (0.021s)	Speed 1713.6 samples/s	Data 0.000s (0.002s)	Loss 0.01188 (0.01140)
2021-10-28 13:58:32,312 Epoch: [16][160/200]	Time 0.018s (0.021s)	Speed 1733.5 samples/s	Data 0.000s (0.002s)	Loss 0.00943 (0.01132)
2021-10-28 13:58:32,518 Epoch: [16][170/200]	Time 0.021s (0.021s)	Speed 1536.4 samples/s	Data 0.000s (0.001s)	Loss 0.01561 (0.01135)
2021-10-28 13:58:32,719 Epoch: [16][180/200]	Time 0.018s (0.021s)	Speed 1791.0 samples/s	Data 0.000s (0.001s)	Loss 0.01201 (0.01125)
2021-10-28 13:58:32,911 Epoch: [16][190/200]	Time 0.018s (0.021s)	Speed 1764.7 samples/s	Data 0.000s (0.001s)	Loss 0.01092 (0.01123)
2021-10-28 13:58:33,159 Test: [0/200]	Time 0.027 (0.027)	Loss 0.0536 (0.0536)
2021-10-28 13:58:33,202 Test: [10/200]	Time 0.004 (0.006)	Loss 0.0115 (0.0522)
2021-10-28 13:58:33,242 Test: [20/200]	Time 0.004 (0.005)	Loss 0.0500 (0.0570)
2021-10-28 13:58:33,281 Test: [30/200]	Time 0.003 (0.005)	Loss 0.1208 (0.0633)
2021-10-28 13:58:33,321 Test: [40/200]	Time 0.003 (0.005)	Loss 0.0464 (0.0653)
2021-10-28 13:58:33,361 Test: [50/200]	Time 0.004 (0.004)	Loss 0.0874 (0.0630)
2021-10-28 13:58:33,402 Test: [60/200]	Time 0.004 (0.004)	Loss 0.1118 (0.0664)
2021-10-28 13:58:33,445 Test: [70/200]	Time 0.004 (0.004)	Loss 0.0864 (0.0672)
2021-10-28 13:58:33,489 Test: [80/200]	Time 0.005 (0.004)	Loss 0.0534 (0.0647)
2021-10-28 13:58:33,530 Test: [90/200]	Time 0.004 (0.004)	Loss 0.0966 (0.0658)
2021-10-28 13:58:33,570 Test: [100/200]	Time 0.004 (0.004)	Loss 0.0814 (0.0650)
2021-10-28 13:58:33,610 Test: [110/200]	Time 0.004 (0.004)	Loss 0.1521 (0.0661)
2021-10-28 13:58:33,654 Test: [120/200]	Time 0.005 (0.004)	Loss 0.0852 (0.0643)
2021-10-28 13:58:33,697 Test: [130/200]	Time 0.004 (0.004)	Loss 0.0572 (0.0643)
2021-10-28 13:58:33,739 Test: [140/200]	Time 0.004 (0.004)	Loss 0.0744 (0.0639)
2021-10-28 13:58:33,781 Test: [150/200]	Time 0.004 (0.004)	Loss 0.0570 (0.0628)
2021-10-28 13:58:33,824 Test: [160/200]	Time 0.004 (0.004)	Loss 0.0701 (0.0626)
2021-10-28 13:58:33,864 Test: [170/200]	Time 0.004 (0.004)	Loss 0.0686 (0.0620)
2021-10-28 13:58:33,903 Test: [180/200]	Time 0.003 (0.004)	Loss 0.0367 (0.0616)
2021-10-28 13:58:33,942 Test: [190/200]	Time 0.003 (0.004)	Loss 0.0236 (0.0613)
2021-10-28 13:58:34,513 Mean IoU score: 0.850
2021-10-28 13:58:34,513 => saving checkpoint to out
2021-10-28 13:58:34,780 Epoch: [17][0/200]	Time 0.245s (0.245s)	Speed 130.8 samples/s	Data 0.220s (0.220s)	Loss 0.01019 (0.01019)
2021-10-28 13:58:34,972 Epoch: [17][10/200]	Time 0.019s (0.040s)	Speed 1654.1 samples/s	Data 0.000s (0.020s)	Loss 0.01068 (0.00928)
2021-10-28 13:58:35,163 Epoch: [17][20/200]	Time 0.018s (0.030s)	Speed 1755.7 samples/s	Data 0.000s (0.011s)	Loss 0.01003 (0.00935)
2021-10-28 13:58:35,360 Epoch: [17][30/200]	Time 0.019s (0.027s)	Speed 1723.2 samples/s	Data 0.000s (0.007s)	Loss 0.00867 (0.00922)
2021-10-28 13:58:35,550 Epoch: [17][40/200]	Time 0.020s (0.025s)	Speed 1614.9 samples/s	Data 0.000s (0.006s)	Loss 0.00956 (0.00938)
2021-10-28 13:58:35,766 Epoch: [17][50/200]	Time 0.021s (0.024s)	Speed 1521.8 samples/s	Data 0.000s (0.004s)	Loss 0.00941 (0.00932)
2021-10-28 13:58:35,965 Epoch: [17][60/200]	Time 0.022s (0.023s)	Speed 1433.4 samples/s	Data 0.000s (0.004s)	Loss 0.01109 (0.00930)
2021-10-28 13:58:36,183 Epoch: [17][70/200]	Time 0.021s (0.023s)	Speed 1525.8 samples/s	Data 0.000s (0.003s)	Loss 0.00814 (0.00925)
2021-10-28 13:58:36,399 Epoch: [17][80/200]	Time 0.022s (0.023s)	Speed 1432.9 samples/s	Data 0.000s (0.003s)	Loss 0.01111 (0.00921)
2021-10-28 13:58:36,624 Epoch: [17][90/200]	Time 0.021s (0.023s)	Speed 1527.7 samples/s	Data 0.000s (0.003s)	Loss 0.01009 (0.00917)
2021-10-28 13:58:36,848 Epoch: [17][100/200]	Time 0.024s (0.023s)	Speed 1328.9 samples/s	Data 0.000s (0.002s)	Loss 0.00761 (0.00906)
2021-10-28 13:58:37,052 Epoch: [17][110/200]	Time 0.019s (0.023s)	Speed 1667.3 samples/s	Data 0.000s (0.002s)	Loss 0.00607 (0.00904)
2021-10-28 13:58:37,253 Epoch: [17][120/200]	Time 0.019s (0.022s)	Speed 1644.7 samples/s	Data 0.000s (0.002s)	Loss 0.00818 (0.00899)
2021-10-28 13:58:37,453 Epoch: [17][130/200]	Time 0.020s (0.022s)	Speed 1595.1 samples/s	Data 0.000s (0.002s)	Loss 0.00919 (0.00899)
2021-10-28 13:58:37,655 Epoch: [17][140/200]	Time 0.020s (0.022s)	Speed 1593.9 samples/s	Data 0.000s (0.002s)	Loss 0.00663 (0.00893)
2021-10-28 13:58:37,859 Epoch: [17][150/200]	Time 0.020s (0.022s)	Speed 1569.1 samples/s	Data 0.000s (0.002s)	Loss 0.00634 (0.00889)
2021-10-28 13:58:38,064 Epoch: [17][160/200]	Time 0.018s (0.022s)	Speed 1759.4 samples/s	Data 0.000s (0.002s)	Loss 0.00869 (0.00888)
2021-10-28 13:58:38,253 Epoch: [17][170/200]	Time 0.018s (0.022s)	Speed 1751.8 samples/s	Data 0.000s (0.001s)	Loss 0.00830 (0.00889)
2021-10-28 13:58:38,441 Epoch: [17][180/200]	Time 0.018s (0.022s)	Speed 1784.5 samples/s	Data 0.000s (0.001s)	Loss 0.00703 (0.00883)
2021-10-28 13:58:38,626 Epoch: [17][190/200]	Time 0.018s (0.021s)	Speed 1781.4 samples/s	Data 0.000s (0.001s)	Loss 0.00774 (0.00879)
2021-10-28 13:58:38,856 Test: [0/200]	Time 0.025 (0.025)	Loss 0.0526 (0.0526)
2021-10-28 13:58:38,896 Test: [10/200]	Time 0.004 (0.006)	Loss 0.0069 (0.0449)
2021-10-28 13:58:38,933 Test: [20/200]	Time 0.004 (0.005)	Loss 0.0507 (0.0512)
2021-10-28 13:58:38,971 Test: [30/200]	Time 0.003 (0.005)	Loss 0.0570 (0.0565)
2021-10-28 13:58:39,010 Test: [40/200]	Time 0.003 (0.004)	Loss 0.0466 (0.0579)
2021-10-28 13:58:39,049 Test: [50/200]	Time 0.003 (0.004)	Loss 0.0789 (0.0572)
2021-10-28 13:58:39,088 Test: [60/200]	Time 0.004 (0.004)	Loss 0.0874 (0.0595)
2021-10-28 13:58:39,127 Test: [70/200]	Time 0.003 (0.004)	Loss 0.0482 (0.0592)
2021-10-28 13:58:39,164 Test: [80/200]	Time 0.004 (0.004)	Loss 0.0573 (0.0574)
2021-10-28 13:58:39,201 Test: [90/200]	Time 0.003 (0.004)	Loss 0.0892 (0.0593)
2021-10-28 13:58:39,242 Test: [100/200]	Time 0.003 (0.004)	Loss 0.0737 (0.0585)
2021-10-28 13:58:39,280 Test: [110/200]	Time 0.004 (0.004)	Loss 0.1489 (0.0592)
2021-10-28 13:58:39,318 Test: [120/200]	Time 0.003 (0.004)	Loss 0.0678 (0.0576)
2021-10-28 13:58:39,356 Test: [130/200]	Time 0.004 (0.004)	Loss 0.0460 (0.0574)
2021-10-28 13:58:39,396 Test: [140/200]	Time 0.003 (0.004)	Loss 0.0760 (0.0568)
2021-10-28 13:58:39,437 Test: [150/200]	Time 0.004 (0.004)	Loss 0.0483 (0.0558)
2021-10-28 13:58:39,477 Test: [160/200]	Time 0.004 (0.004)	Loss 0.0659 (0.0559)
2021-10-28 13:58:39,518 Test: [170/200]	Time 0.004 (0.004)	Loss 0.0500 (0.0553)
2021-10-28 13:58:39,558 Test: [180/200]	Time 0.003 (0.004)	Loss 0.0265 (0.0549)
2021-10-28 13:58:39,596 Test: [190/200]	Time 0.003 (0.004)	Loss 0.0203 (0.0547)
2021-10-28 13:58:40,165 Mean IoU score: 0.869
2021-10-28 13:58:40,165 => saving checkpoint to out
2021-10-28 13:58:40,437 Epoch: [18][0/200]	Time 0.249s (0.249s)	Speed 128.5 samples/s	Data 0.227s (0.227s)	Loss 0.00870 (0.00870)
2021-10-28 13:58:40,637 Epoch: [18][10/200]	Time 0.020s (0.041s)	Speed 1634.0 samples/s	Data 0.000s (0.021s)	Loss 0.00647 (0.00808)
2021-10-28 13:58:40,836 Epoch: [18][20/200]	Time 0.020s (0.031s)	Speed 1624.2 samples/s	Data 0.000s (0.011s)	Loss 0.01003 (0.00813)
2021-10-28 13:58:41,042 Epoch: [18][30/200]	Time 0.020s (0.028s)	Speed 1605.0 samples/s	Data 0.000s (0.007s)	Loss 0.00798 (0.00789)
2021-10-28 13:58:41,242 Epoch: [18][40/200]	Time 0.020s (0.026s)	Speed 1615.2 samples/s	Data 0.000s (0.006s)	Loss 0.00913 (0.00782)
2021-10-28 13:58:41,443 Epoch: [18][50/200]	Time 0.019s (0.025s)	Speed 1687.2 samples/s	Data 0.000s (0.005s)	Loss 0.00729 (0.00770)
2021-10-28 13:58:41,634 Epoch: [18][60/200]	Time 0.018s (0.024s)	Speed 1739.5 samples/s	Data 0.000s (0.004s)	Loss 0.00554 (0.00767)
2021-10-28 13:58:41,824 Epoch: [18][70/200]	Time 0.018s (0.023s)	Speed 1735.0 samples/s	Data 0.000s (0.003s)	Loss 0.00814 (0.00759)
2021-10-28 13:58:42,013 Epoch: [18][80/200]	Time 0.019s (0.023s)	Speed 1724.2 samples/s	Data 0.000s (0.003s)	Loss 0.00757 (0.00754)
2021-10-28 13:58:42,203 Epoch: [18][90/200]	Time 0.018s (0.022s)	Speed 1743.4 samples/s	Data 0.000s (0.003s)	Loss 0.00650 (0.00761)
2021-10-28 13:58:42,393 Epoch: [18][100/200]	Time 0.018s (0.022s)	Speed 1730.5 samples/s	Data 0.000s (0.002s)	Loss 0.00876 (0.00758)
2021-10-28 13:58:42,585 Epoch: [18][110/200]	Time 0.019s (0.022s)	Speed 1720.1 samples/s	Data 0.000s (0.002s)	Loss 0.00863 (0.00759)
2021-10-28 13:58:42,774 Epoch: [18][120/200]	Time 0.018s (0.021s)	Speed 1765.5 samples/s	Data 0.000s (0.002s)	Loss 0.00743 (0.00759)
2021-10-28 13:58:42,968 Epoch: [18][130/200]	Time 0.019s (0.021s)	Speed 1663.8 samples/s	Data 0.000s (0.002s)	Loss 0.00913 (0.00760)
2021-10-28 13:58:43,168 Epoch: [18][140/200]	Time 0.019s (0.021s)	Speed 1677.8 samples/s	Data 0.000s (0.002s)	Loss 0.00653 (0.00762)
2021-10-28 13:58:43,371 Epoch: [18][150/200]	Time 0.020s (0.021s)	Speed 1617.2 samples/s	Data 0.000s (0.002s)	Loss 0.00738 (0.00761)
2021-10-28 13:58:43,573 Epoch: [18][160/200]	Time 0.020s (0.021s)	Speed 1607.3 samples/s	Data 0.000s (0.002s)	Loss 0.00573 (0.00763)
2021-10-28 13:58:43,776 Epoch: [18][170/200]	Time 0.020s (0.021s)	Speed 1617.0 samples/s	Data 0.000s (0.001s)	Loss 0.00815 (0.00760)
2021-10-28 13:58:43,976 Epoch: [18][180/200]	Time 0.019s (0.021s)	Speed 1695.7 samples/s	Data 0.000s (0.001s)	Loss 0.00841 (0.00759)
2021-10-28 13:58:44,176 Epoch: [18][190/200]	Time 0.019s (0.021s)	Speed 1649.0 samples/s	Data 0.000s (0.001s)	Loss 0.00754 (0.00757)
2021-10-28 13:58:44,418 Test: [0/200]	Time 0.025 (0.025)	Loss 0.0474 (0.0474)
2021-10-28 13:58:44,456 Test: [10/200]	Time 0.004 (0.006)	Loss 0.0086 (0.0446)
2021-10-28 13:58:44,497 Test: [20/200]	Time 0.004 (0.005)	Loss 0.0478 (0.0505)
2021-10-28 13:58:44,537 Test: [30/200]	Time 0.003 (0.005)	Loss 0.0581 (0.0568)
2021-10-28 13:58:44,577 Test: [40/200]	Time 0.003 (0.005)	Loss 0.0493 (0.0584)
2021-10-28 13:58:44,617 Test: [50/200]	Time 0.004 (0.004)	Loss 0.0872 (0.0576)
2021-10-28 13:58:44,657 Test: [60/200]	Time 0.004 (0.004)	Loss 0.0933 (0.0604)
2021-10-28 13:58:44,698 Test: [70/200]	Time 0.003 (0.004)	Loss 0.0526 (0.0605)
2021-10-28 13:58:44,737 Test: [80/200]	Time 0.004 (0.004)	Loss 0.0640 (0.0587)
2021-10-28 13:58:44,779 Test: [90/200]	Time 0.004 (0.004)	Loss 0.0832 (0.0604)
2021-10-28 13:58:44,817 Test: [100/200]	Time 0.003 (0.004)	Loss 0.0650 (0.0595)
2021-10-28 13:58:44,857 Test: [110/200]	Time 0.004 (0.004)	Loss 0.1666 (0.0604)
2021-10-28 13:58:44,896 Test: [120/200]	Time 0.004 (0.004)	Loss 0.0674 (0.0587)
2021-10-28 13:58:44,935 Test: [130/200]	Time 0.003 (0.004)	Loss 0.0467 (0.0586)
2021-10-28 13:58:44,974 Test: [140/200]	Time 0.004 (0.004)	Loss 0.0854 (0.0582)
2021-10-28 13:58:45,012 Test: [150/200]	Time 0.003 (0.004)	Loss 0.0502 (0.0571)
2021-10-28 13:58:45,049 Test: [160/200]	Time 0.003 (0.004)	Loss 0.0671 (0.0570)
2021-10-28 13:58:45,087 Test: [170/200]	Time 0.004 (0.004)	Loss 0.0520 (0.0564)
2021-10-28 13:58:45,125 Test: [180/200]	Time 0.003 (0.004)	Loss 0.0330 (0.0560)
2021-10-28 13:58:45,163 Test: [190/200]	Time 0.003 (0.004)	Loss 0.0225 (0.0558)
2021-10-28 13:58:45,737 Mean IoU score: 0.868
2021-10-28 13:58:45,738 => saving checkpoint to out
2021-10-28 13:58:45,994 Epoch: [19][0/200]	Time 0.240s (0.240s)	Speed 133.6 samples/s	Data 0.218s (0.218s)	Loss 0.00783 (0.00783)
2021-10-28 13:58:46,195 Epoch: [19][10/200]	Time 0.019s (0.040s)	Speed 1685.2 samples/s	Data 0.000s (0.020s)	Loss 0.00821 (0.00693)
2021-10-28 13:58:46,396 Epoch: [19][20/200]	Time 0.020s (0.031s)	Speed 1627.1 samples/s	Data 0.000s (0.011s)	Loss 0.00680 (0.00662)
2021-10-28 13:58:46,588 Epoch: [19][30/200]	Time 0.018s (0.027s)	Speed 1741.2 samples/s	Data 0.000s (0.007s)	Loss 0.00803 (0.00671)
2021-10-28 13:58:46,776 Epoch: [19][40/200]	Time 0.018s (0.025s)	Speed 1735.7 samples/s	Data 0.000s (0.005s)	Loss 0.00615 (0.00673)
2021-10-28 13:58:46,970 Epoch: [19][50/200]	Time 0.019s (0.024s)	Speed 1662.9 samples/s	Data 0.000s (0.004s)	Loss 0.00748 (0.00679)
2021-10-28 13:58:47,162 Epoch: [19][60/200]	Time 0.018s (0.023s)	Speed 1737.2 samples/s	Data 0.000s (0.004s)	Loss 0.00766 (0.00677)
2021-10-28 13:58:47,350 Epoch: [19][70/200]	Time 0.018s (0.022s)	Speed 1734.1 samples/s	Data 0.000s (0.003s)	Loss 0.00613 (0.00676)
2021-10-28 13:58:47,546 Epoch: [19][80/200]	Time 0.019s (0.022s)	Speed 1727.1 samples/s	Data 0.000s (0.003s)	Loss 0.00735 (0.00680)
2021-10-28 13:58:47,740 Epoch: [19][90/200]	Time 0.019s (0.022s)	Speed 1669.8 samples/s	Data 0.000s (0.003s)	Loss 0.00716 (0.00684)
2021-10-28 13:58:47,930 Epoch: [19][100/200]	Time 0.018s (0.022s)	Speed 1752.3 samples/s	Data 0.000s (0.002s)	Loss 0.00828 (0.00686)
2021-10-28 13:58:48,119 Epoch: [19][110/200]	Time 0.018s (0.021s)	Speed 1743.5 samples/s	Data 0.000s (0.002s)	Loss 0.00645 (0.00684)
2021-10-28 13:58:48,308 Epoch: [19][120/200]	Time 0.018s (0.021s)	Speed 1766.7 samples/s	Data 0.000s (0.002s)	Loss 0.00686 (0.00683)
2021-10-28 13:58:48,498 Epoch: [19][130/200]	Time 0.018s (0.021s)	Speed 1731.2 samples/s	Data 0.000s (0.002s)	Loss 0.00672 (0.00683)
2021-10-28 13:58:48,686 Epoch: [19][140/200]	Time 0.018s (0.021s)	Speed 1745.8 samples/s	Data 0.000s (0.002s)	Loss 0.00545 (0.00689)
2021-10-28 13:58:48,875 Epoch: [19][150/200]	Time 0.018s (0.021s)	Speed 1751.5 samples/s	Data 0.000s (0.002s)	Loss 0.00717 (0.00690)
2021-10-28 13:58:49,065 Epoch: [19][160/200]	Time 0.018s (0.021s)	Speed 1738.4 samples/s	Data 0.000s (0.001s)	Loss 0.00821 (0.00693)
2021-10-28 13:58:49,254 Epoch: [19][170/200]	Time 0.018s (0.020s)	Speed 1769.6 samples/s	Data 0.000s (0.001s)	Loss 0.00576 (0.00692)
2021-10-28 13:58:49,441 Epoch: [19][180/200]	Time 0.018s (0.020s)	Speed 1796.4 samples/s	Data 0.000s (0.001s)	Loss 0.00797 (0.00692)
2021-10-28 13:58:49,624 Epoch: [19][190/200]	Time 0.018s (0.020s)	Speed 1798.0 samples/s	Data 0.000s (0.001s)	Loss 0.00764 (0.00695)
2021-10-28 13:58:49,857 Test: [0/200]	Time 0.025 (0.025)	Loss 0.0530 (0.0530)
2021-10-28 13:58:49,897 Test: [10/200]	Time 0.003 (0.006)	Loss 0.0120 (0.0451)
2021-10-28 13:58:49,934 Test: [20/200]	Time 0.004 (0.005)	Loss 0.0465 (0.0516)
2021-10-28 13:58:49,973 Test: [30/200]	Time 0.003 (0.005)	Loss 0.0636 (0.0575)
2021-10-28 13:58:50,011 Test: [40/200]	Time 0.003 (0.004)	Loss 0.0515 (0.0596)
2021-10-28 13:58:50,051 Test: [50/200]	Time 0.004 (0.004)	Loss 0.0888 (0.0583)
2021-10-28 13:58:50,089 Test: [60/200]	Time 0.003 (0.004)	Loss 0.0921 (0.0610)
2021-10-28 13:58:50,128 Test: [70/200]	Time 0.003 (0.004)	Loss 0.0619 (0.0608)
2021-10-28 13:58:50,166 Test: [80/200]	Time 0.004 (0.004)	Loss 0.0571 (0.0589)
2021-10-28 13:58:50,205 Test: [90/200]	Time 0.004 (0.004)	Loss 0.0922 (0.0608)
2021-10-28 13:58:50,243 Test: [100/200]	Time 0.004 (0.004)	Loss 0.0603 (0.0599)
2021-10-28 13:58:50,282 Test: [110/200]	Time 0.003 (0.004)	Loss 0.1624 (0.0607)
2021-10-28 13:58:50,323 Test: [120/200]	Time 0.004 (0.004)	Loss 0.0621 (0.0589)
2021-10-28 13:58:50,363 Test: [130/200]	Time 0.004 (0.004)	Loss 0.0436 (0.0587)
2021-10-28 13:58:50,403 Test: [140/200]	Time 0.004 (0.004)	Loss 0.0867 (0.0583)
2021-10-28 13:58:50,443 Test: [150/200]	Time 0.004 (0.004)	Loss 0.0520 (0.0572)
2021-10-28 13:58:50,482 Test: [160/200]	Time 0.004 (0.004)	Loss 0.0722 (0.0572)
2021-10-28 13:58:50,521 Test: [170/200]	Time 0.003 (0.004)	Loss 0.0640 (0.0569)
2021-10-28 13:58:50,560 Test: [180/200]	Time 0.003 (0.004)	Loss 0.0316 (0.0564)
2021-10-28 13:58:50,599 Test: [190/200]	Time 0.004 (0.004)	Loss 0.0207 (0.0561)
2021-10-28 13:58:51,172 Mean IoU score: 0.869
2021-10-28 13:58:51,173 => saving checkpoint to out
2021-10-28 13:58:51,192 saving final model state to out/final_state.pth.tar
